{"total": {"lines":{"total":1298,"covered":1157,"skipped":0,"pct":89.13},"statements":{"total":1419,"covered":1244,"skipped":0,"pct":87.66},"functions":{"total":373,"covered":297,"skipped":0,"pct":79.62},"branches":{"total":705,"covered":536,"skipped":0,"pct":76.02},"branchesTrue":{"total":0,"covered":0,"skipped":0,"pct":100}}
,"C:\\Users\\cauab\\Downloads\\Tabula\\src\\auth\\security.ts": {"lines":{"total":24,"covered":24,"skipped":0,"pct":100},"functions":{"total":7,"covered":7,"skipped":0,"pct":100},"statements":{"total":30,"covered":28,"skipped":0,"pct":93.33},"branches":{"total":16,"covered":14,"skipped":0,"pct":87.5}}
,"C:\\Users\\cauab\\Downloads\\Tabula\\src\\components\\GlobalSearch.tsx": {"lines":{"total":63,"covered":56,"skipped":0,"pct":88.88},"functions":{"total":26,"covered":20,"skipped":0,"pct":76.92},"statements":{"total":72,"covered":62,"skipped":0,"pct":86.11},"branches":{"total":46,"covered":41,"skipped":0,"pct":89.13}}
,"C:\\Users\\cauab\\Downloads\\Tabula\\src\\components\\Icons.tsx": {"lines":{"total":60,"covered":47,"skipped":0,"pct":78.33},"functions":{"total":30,"covered":17,"skipped":0,"pct":56.66},"statements":{"total":60,"covered":47,"skipped":0,"pct":78.33},"branches":{"total":32,"covered":18,"skipped":0,"pct":56.25}}
,"C:\\Users\\cauab\\Downloads\\Tabula\\src\\components\\ProtectedRoute.tsx": {"lines":{"total":7,"covered":7,"skipped":0,"pct":100},"functions":{"total":1,"covered":1,"skipped":0,"pct":100},"statements":{"total":7,"covered":7,"skipped":0,"pct":100},"branches":{"total":7,"covered":7,"skipped":0,"pct":100}}
,"C:\\Users\\cauab\\Downloads\\Tabula\\src\\components\\UserAvatar.tsx": {"lines":{"total":5,"covered":5,"skipped":0,"pct":100},"functions":{"total":2,"covered":2,"skipped":0,"pct":100},"statements":{"total":5,"covered":5,"skipped":0,"pct":100},"branches":{"total":5,"covered":5,"skipped":0,"pct":100}}
,"C:\\Users\\cauab\\Downloads\\Tabula\\src\\context\\AuthContext.tsx": {"lines":{"total":204,"covered":172,"skipped":0,"pct":84.31},"functions":{"total":15,"covered":15,"skipped":0,"pct":100},"statements":{"total":208,"covered":175,"skipped":0,"pct":84.13},"branches":{"total":125,"covered":82,"skipped":0,"pct":65.6}}
,"C:\\Users\\cauab\\Downloads\\Tabula\\src\\context\\DatabaseContext.tsx": {"lines":{"total":181,"covered":162,"skipped":0,"pct":89.5},"functions":{"total":63,"covered":59,"skipped":0,"pct":93.65},"statements":{"total":211,"covered":184,"skipped":0,"pct":87.2},"branches":{"total":96,"covered":72,"skipped":0,"pct":75}}
,"C:\\Users\\cauab\\Downloads\\Tabula\\src\\context\\ToastContext.tsx": {"lines":{"total":39,"covered":37,"skipped":0,"pct":94.87},"functions":{"total":14,"covered":11,"skipped":0,"pct":78.57},"statements":{"total":44,"covered":40,"skipped":0,"pct":90.9},"branches":{"total":15,"covered":14,"skipped":0,"pct":93.33}}
,"C:\\Users\\cauab\\Downloads\\Tabula\\src\\db\\database.ts": {"lines":{"total":34,"covered":33,"skipped":0,"pct":97.05},"functions":{"total":18,"covered":18,"skipped":0,"pct":100},"statements":{"total":42,"covered":41,"skipped":0,"pct":97.61},"branches":{"total":21,"covered":18,"skipped":0,"pct":85.71}}
,"C:\\Users\\cauab\\Downloads\\Tabula\\src\\db\\initialData.ts": {"lines":{"total":4,"covered":4,"skipped":0,"pct":100},"functions":{"total":0,"covered":0,"skipped":0,"pct":100},"statements":{"total":4,"covered":4,"skipped":0,"pct":100},"branches":{"total":0,"covered":0,"skipped":0,"pct":100}}
,"C:\\Users\\cauab\\Downloads\\Tabula\\src\\pages\\AuditLogs.css": {"lines":{"total":0,"covered":0,"skipped":0,"pct":0},"functions":{"total":0,"covered":0,"skipped":0,"pct":0},"statements":{"total":0,"covered":0,"skipped":0,"pct":0},"branches":{"total":0,"covered":0,"skipped":0,"pct":0}}
,"C:\\Users\\cauab\\Downloads\\Tabula\\src\\pages\\AuditLogs.tsx": {"lines":{"total":79,"covered":63,"skipped":0,"pct":79.74},"functions":{"total":33,"covered":26,"skipped":0,"pct":78.78},"statements":{"total":90,"covered":71,"skipped":0,"pct":78.88},"branches":{"total":67,"covered":50,"skipped":0,"pct":74.62}}
,"C:\\Users\\cauab\\Downloads\\Tabula\\src\\pages\\Events.tsx": {"lines":{"total":245,"covered":232,"skipped":0,"pct":94.69},"functions":{"total":57,"covered":49,"skipped":0,"pct":85.96},"statements":{"total":269,"covered":250,"skipped":0,"pct":92.93},"branches":{"total":145,"covered":114,"skipped":0,"pct":78.62}}
,"C:\\Users\\cauab\\Downloads\\Tabula\\src\\pages\\Games.tsx": {"lines":{"total":156,"covered":131,"skipped":0,"pct":83.97},"functions":{"total":51,"covered":27,"skipped":0,"pct":52.94},"statements":{"total":165,"covered":136,"skipped":0,"pct":82.42},"branches":{"total":52,"covered":42,"skipped":0,"pct":80.76}}
,"C:\\Users\\cauab\\Downloads\\Tabula\\src\\pages\\Home.tsx": {"lines":{"total":102,"covered":94,"skipped":0,"pct":92.15},"functions":{"total":26,"covered":20,"skipped":0,"pct":76.92},"statements":{"total":111,"covered":101,"skipped":0,"pct":90.99},"branches":{"total":38,"covered":27,"skipped":0,"pct":71.05}}
,"C:\\Users\\cauab\\Downloads\\Tabula\\src\\pages\\Login.tsx": {"lines":{"total":23,"covered":22,"skipped":0,"pct":95.65},"functions":{"total":5,"covered":4,"skipped":0,"pct":80},"statements":{"total":24,"covered":23,"skipped":0,"pct":95.83},"branches":{"total":4,"covered":3,"skipped":0,"pct":75}}
,"C:\\Users\\cauab\\Downloads\\Tabula\\src\\pages\\Register.tsx": {"lines":{"total":25,"covered":25,"skipped":0,"pct":100},"functions":{"total":6,"covered":6,"skipped":0,"pct":100},"statements":{"total":26,"covered":26,"skipped":0,"pct":100},"branches":{"total":4,"covered":3,"skipped":0,"pct":75}}
,"C:\\Users\\cauab\\Downloads\\Tabula\\src\\services\\api.ts": {"lines":{"total":45,"covered":41,"skipped":0,"pct":91.11},"functions":{"total":18,"covered":14,"skipped":0,"pct":77.77},"statements":{"total":49,"covered":42,"skipped":0,"pct":85.71},"branches":{"total":30,"covered":24,"skipped":0,"pct":80}}
,"C:\\Users\\cauab\\Downloads\\Tabula\\src\\test\\renderWithProviders.tsx": {"lines":{"total":2,"covered":2,"skipped":0,"pct":100},"functions":{"total":1,"covered":1,"skipped":0,"pct":100},"statements":{"total":2,"covered":2,"skipped":0,"pct":100},"branches":{"total":2,"covered":2,"skipped":0,"pct":100}}
}
