{"total": {"lines":{"total":1254,"covered":1112,"skipped":0,"pct":88.67},"statements":{"total":1377,"covered":1191,"skipped":0,"pct":86.49},"functions":{"total":382,"covered":289,"skipped":0,"pct":75.65},"branches":{"total":656,"covered":502,"skipped":0,"pct":76.52},"branchesTrue":{"total":0,"covered":0,"skipped":0,"pct":100}}
,"C:\\Users\\cauab\\Downloads\\Tabula\\src\\auth\\security.ts": {"lines":{"total":24,"covered":24,"skipped":0,"pct":100},"functions":{"total":7,"covered":7,"skipped":0,"pct":100},"statements":{"total":30,"covered":28,"skipped":0,"pct":93.33},"branches":{"total":16,"covered":14,"skipped":0,"pct":87.5}}
,"C:\\Users\\cauab\\Downloads\\Tabula\\src\\components\\GlobalSearch.tsx": {"lines":{"total":63,"covered":52,"skipped":0,"pct":82.53},"functions":{"total":26,"covered":16,"skipped":0,"pct":61.53},"statements":{"total":72,"covered":56,"skipped":0,"pct":77.77},"branches":{"total":46,"covered":36,"skipped":0,"pct":78.26}}
,"C:\\Users\\cauab\\Downloads\\Tabula\\src\\components\\Icons.tsx": {"lines":{"total":60,"covered":47,"skipped":0,"pct":78.33},"functions":{"total":30,"covered":17,"skipped":0,"pct":56.66},"statements":{"total":60,"covered":47,"skipped":0,"pct":78.33},"branches":{"total":32,"covered":18,"skipped":0,"pct":56.25}}
,"C:\\Users\\cauab\\Downloads\\Tabula\\src\\components\\ProtectedRoute.tsx": {"lines":{"total":7,"covered":7,"skipped":0,"pct":100},"functions":{"total":1,"covered":1,"skipped":0,"pct":100},"statements":{"total":7,"covered":7,"skipped":0,"pct":100},"branches":{"total":7,"covered":7,"skipped":0,"pct":100}}
,"C:\\Users\\cauab\\Downloads\\Tabula\\src\\components\\UserAvatar.tsx": {"lines":{"total":5,"covered":5,"skipped":0,"pct":100},"functions":{"total":2,"covered":2,"skipped":0,"pct":100},"statements":{"total":5,"covered":5,"skipped":0,"pct":100},"branches":{"total":5,"covered":5,"skipped":0,"pct":100}}
,"C:\\Users\\cauab\\Downloads\\Tabula\\src\\context\\AuthContext.tsx": {"lines":{"total":173,"covered":156,"skipped":0,"pct":90.17},"functions":{"total":16,"covered":16,"skipped":0,"pct":100},"statements":{"total":179,"covered":159,"skipped":0,"pct":88.82},"branches":{"total":93,"covered":74,"skipped":0,"pct":79.56}}
,"C:\\Users\\cauab\\Downloads\\Tabula\\src\\context\\DatabaseContext.tsx": {"lines":{"total":148,"covered":137,"skipped":0,"pct":92.56},"functions":{"total":58,"covered":54,"skipped":0,"pct":93.1},"statements":{"total":171,"covered":156,"skipped":0,"pct":91.22},"branches":{"total":64,"covered":51,"skipped":0,"pct":79.68}}
,"C:\\Users\\cauab\\Downloads\\Tabula\\src\\context\\ToastContext.tsx": {"lines":{"total":39,"covered":37,"skipped":0,"pct":94.87},"functions":{"total":14,"covered":9,"skipped":0,"pct":64.28},"statements":{"total":44,"covered":38,"skipped":0,"pct":86.36},"branches":{"total":15,"covered":14,"skipped":0,"pct":93.33}}
,"C:\\Users\\cauab\\Downloads\\Tabula\\src\\db\\database.ts": {"lines":{"total":34,"covered":33,"skipped":0,"pct":97.05},"functions":{"total":18,"covered":18,"skipped":0,"pct":100},"statements":{"total":42,"covered":41,"skipped":0,"pct":97.61},"branches":{"total":21,"covered":18,"skipped":0,"pct":85.71}}
,"C:\\Users\\cauab\\Downloads\\Tabula\\src\\db\\initialData.ts": {"lines":{"total":4,"covered":4,"skipped":0,"pct":100},"functions":{"total":0,"covered":0,"skipped":0,"pct":100},"statements":{"total":4,"covered":4,"skipped":0,"pct":100},"branches":{"total":0,"covered":0,"skipped":0,"pct":100}}
,"C:\\Users\\cauab\\Downloads\\Tabula\\src\\pages\\AuditLogs.css": {"lines":{"total":0,"covered":0,"skipped":0,"pct":0},"functions":{"total":0,"covered":0,"skipped":0,"pct":0},"statements":{"total":0,"covered":0,"skipped":0,"pct":0},"branches":{"total":0,"covered":0,"skipped":0,"pct":0}}
,"C:\\Users\\cauab\\Downloads\\Tabula\\src\\pages\\AuditLogs.tsx": {"lines":{"total":79,"covered":63,"skipped":0,"pct":79.74},"functions":{"total":33,"covered":26,"skipped":0,"pct":78.78},"statements":{"total":90,"covered":71,"skipped":0,"pct":78.88},"branches":{"total":67,"covered":50,"skipped":0,"pct":74.62}}
,"C:\\Users\\cauab\\Downloads\\Tabula\\src\\pages\\Events.tsx": {"lines":{"total":254,"covered":231,"skipped":0,"pct":90.94},"functions":{"total":59,"covered":50,"skipped":0,"pct":84.74},"statements":{"total":284,"covered":249,"skipped":0,"pct":87.67},"branches":{"total":157,"covered":114,"skipped":0,"pct":72.61}}
,"C:\\Users\\cauab\\Downloads\\Tabula\\src\\pages\\Games.tsx": {"lines":{"total":156,"covered":131,"skipped":0,"pct":83.97},"functions":{"total":51,"covered":27,"skipped":0,"pct":52.94},"statements":{"total":165,"covered":136,"skipped":0,"pct":82.42},"branches":{"total":52,"covered":43,"skipped":0,"pct":82.69}}
,"C:\\Users\\cauab\\Downloads\\Tabula\\src\\pages\\Home.tsx": {"lines":{"total":101,"covered":92,"skipped":0,"pct":91.08},"functions":{"total":26,"covered":19,"skipped":0,"pct":73.07},"statements":{"total":110,"covered":98,"skipped":0,"pct":89.09},"branches":{"total":38,"covered":24,"skipped":0,"pct":63.15}}
,"C:\\Users\\cauab\\Downloads\\Tabula\\src\\pages\\Login.tsx": {"lines":{"total":23,"covered":22,"skipped":0,"pct":95.65},"functions":{"total":5,"covered":4,"skipped":0,"pct":80},"statements":{"total":24,"covered":23,"skipped":0,"pct":95.83},"branches":{"total":4,"covered":3,"skipped":0,"pct":75}}
,"C:\\Users\\cauab\\Downloads\\Tabula\\src\\pages\\Register.tsx": {"lines":{"total":25,"covered":25,"skipped":0,"pct":100},"functions":{"total":6,"covered":6,"skipped":0,"pct":100},"statements":{"total":26,"covered":26,"skipped":0,"pct":100},"branches":{"total":4,"covered":3,"skipped":0,"pct":75}}
,"C:\\Users\\cauab\\Downloads\\Tabula\\src\\services\\api.ts": {"lines":{"total":57,"covered":44,"skipped":0,"pct":77.19},"functions":{"total":29,"covered":16,"skipped":0,"pct":55.17},"statements":{"total":62,"covered":45,"skipped":0,"pct":72.58},"branches":{"total":33,"covered":26,"skipped":0,"pct":78.78}}
,"C:\\Users\\cauab\\Downloads\\Tabula\\src\\test\\renderWithProviders.tsx": {"lines":{"total":2,"covered":2,"skipped":0,"pct":100},"functions":{"total":1,"covered":1,"skipped":0,"pct":100},"statements":{"total":2,"covered":2,"skipped":0,"pct":100},"branches":{"total":2,"covered":2,"skipped":0,"pct":100}}
}
