TN:
SF:src\auth\security.ts
FN:4,(anonymous_0)
FN:5,(anonymous_1)
FN:5,(anonymous_2)
FN:7,(anonymous_3)
FN:15,(anonymous_4)
FN:29,(anonymous_5)
FN:32,(anonymous_6)
FNF:7
FNH:7
FNDA:2,(anonymous_0)
FNDA:4,(anonymous_1)
FNDA:96,(anonymous_2)
FNDA:1,(anonymous_3)
FNDA:2,(anonymous_4)
FNDA:33,(anonymous_5)
FNDA:11,(anonymous_6)
DA:1,9
DA:2,9
DA:4,9
DA:5,96
DA:7,9
DA:8,1
DA:9,1
DA:10,1
DA:11,1
DA:12,1
DA:15,9
DA:16,2
DA:18,2
DA:19,2
DA:21,2
DA:22,2
DA:23,2
DA:24,2
DA:25,2
DA:26,2
DA:27,2
DA:29,33
DA:32,9
DA:33,11
LF:24
LH:24
BRDA:16,0,0,0
BRDA:16,0,1,2
BRDA:16,1,0,2
BRDA:16,1,1,2
BRDA:19,2,0,0
BRDA:19,2,1,2
BRDA:19,3,0,2
BRDA:19,3,1,2
BRDA:19,3,2,2
BRDA:19,3,3,2
BRDA:29,4,0,2
BRDA:29,4,1,2
BRDA:33,5,0,11
BRDA:33,5,1,9
BRDA:33,5,2,9
BRDA:33,5,3,9
BRF:16
BRH:14
end_of_record
TN:
SF:src\components\GlobalSearch.tsx
FN:12,(anonymous_0)
FN:19,(anonymous_1)
FN:22,(anonymous_2)
FN:27,(anonymous_3)
FN:31,(anonymous_4)
FN:32,(anonymous_5)
FN:36,(anonymous_6)
FN:45,(anonymous_7)
FN:54,(anonymous_8)
FN:63,(anonymous_9)
FN:64,(anonymous_10)
FN:75,(anonymous_11)
FN:76,(anonymous_12)
FN:91,(anonymous_13)
FN:98,(anonymous_14)
FN:106,(anonymous_15)
FN:139,(anonymous_16)
FN:142,(anonymous_17)
FN:159,(anonymous_18)
FN:162,(anonymous_19)
FN:179,(anonymous_20)
FN:180,(anonymous_21)
FN:184,(anonymous_22)
FN:206,(anonymous_23)
FN:207,(anonymous_24)
FN:211,(anonymous_25)
FNF:26
FNH:20
FNDA:9,(anonymous_0)
FNDA:1,(anonymous_1)
FNDA:1,(anonymous_2)
FNDA:1,(anonymous_3)
FNDA:1,(anonymous_4)
FNDA:6,(anonymous_5)
FNDA:1,(anonymous_6)
FNDA:18,(anonymous_7)
FNDA:36,(anonymous_8)
FNDA:18,(anonymous_9)
FNDA:36,(anonymous_10)
FNDA:18,(anonymous_11)
FNDA:36,(anonymous_12)
FNDA:0,(anonymous_13)
FNDA:1,(anonymous_14)
FNDA:6,(anonymous_15)
FNDA:6,(anonymous_16)
FNDA:0,(anonymous_17)
FNDA:0,(anonymous_18)
FNDA:0,(anonymous_19)
FNDA:8,(anonymous_20)
FNDA:12,(anonymous_21)
FNDA:0,(anonymous_22)
FNDA:6,(anonymous_23)
FNDA:6,(anonymous_24)
FNDA:0,(anonymous_25)
DA:12,1
DA:13,9
DA:14,9
DA:15,9
DA:16,9
DA:19,9
DA:20,1
DA:22,1
DA:23,1
DA:24,1
DA:27,1
DA:31,9
DA:32,1
DA:33,6
DA:35,1
DA:36,1
DA:39,9
DA:41,9
DA:44,9
DA:47,18
DA:53,9
DA:56,36
DA:62,9
DA:64,36
DA:65,18
DA:74,9
DA:76,36
DA:77,18
DA:86,9
DA:91,9
DA:92,0
DA:93,0
DA:96,9
DA:98,1
DA:106,6
DA:140,6
DA:142,0
DA:160,0
DA:162,0
DA:180,12
DA:181,8
DA:184,0
DA:207,6
DA:208,6
DA:211,0
DA:237,1
DA:247,1
DA:255,1
DA:264,1
DA:277,1
DA:283,1
DA:289,1
DA:300,1
DA:306,1
DA:315,1
DA:321,1
DA:331,1
DA:343,1
DA:351,1
DA:362,1
DA:373,1
DA:384,1
DA:390,1
LF:63
LH:56
BRDA:20,0,0,0
BRDA:20,0,1,1
BRDA:33,1,0,0
BRDA:33,1,1,6
BRDA:39,2,0,0
BRDA:39,2,1,9
BRDA:44,3,0,6
BRDA:44,3,1,3
BRDA:47,4,0,18
BRDA:47,4,1,12
BRDA:53,5,0,6
BRDA:53,5,1,3
BRDA:56,6,0,36
BRDA:56,6,1,36
BRDA:62,7,0,6
BRDA:62,7,1,3
BRDA:66,8,0,18
BRDA:66,8,1,18
BRDA:66,8,2,10
BRDA:66,8,3,10
BRDA:74,9,0,6
BRDA:74,9,1,3
BRDA:78,10,0,18
BRDA:78,10,1,18
BRDA:78,10,2,12
BRDA:78,10,3,12
BRDA:86,11,0,9
BRDA:86,11,1,3
BRDA:86,11,2,3
BRDA:86,11,3,3
BRDA:115,12,0,9
BRDA:115,12,1,6
BRDA:115,12,2,0
BRDA:124,13,0,9
BRDA:124,13,1,3
BRDA:133,14,0,9
BRDA:133,14,1,6
BRDA:133,14,2,6
BRDA:136,15,0,6
BRDA:136,15,1,6
BRDA:156,16,0,6
BRDA:156,16,1,0
BRDA:176,17,0,6
BRDA:176,17,1,6
BRDA:203,18,0,6
BRDA:203,18,1,6
BRF:46
BRH:41
end_of_record
TN:
SF:src\components\Icons.tsx
FN:7,(anonymous_0)
FN:17,(anonymous_1)
FN:26,(anonymous_2)
FN:33,(anonymous_3)
FN:40,(anonymous_4)
FN:47,(anonymous_5)
FN:55,(anonymous_6)
FN:62,(anonymous_7)
FN:69,(anonymous_8)
FN:78,(anonymous_9)
FN:84,(anonymous_10)
FN:90,(anonymous_11)
FN:97,(anonymous_12)
FN:103,(anonymous_13)
FN:109,(anonymous_14)
FN:115,(anonymous_15)
FN:123,(anonymous_16)
FN:129,(anonymous_17)
FN:140,(anonymous_18)
FN:147,(anonymous_19)
FN:154,(anonymous_20)
FN:163,(anonymous_21)
FN:169,(anonymous_22)
FN:177,(anonymous_23)
FN:183,(anonymous_24)
FN:193,(anonymous_25)
FN:200,(anonymous_26)
FN:208,(anonymous_27)
FN:217,(anonymous_28)
FN:224,(anonymous_29)
FNF:30
FNH:17
FNDA:1615,(anonymous_0)
FNDA:519,(anonymous_1)
FNDA:60,(anonymous_2)
FNDA:3,(anonymous_3)
FNDA:2234,(anonymous_4)
FNDA:0,(anonymous_5)
FNDA:561,(anonymous_6)
FNDA:161,(anonymous_7)
FNDA:161,(anonymous_8)
FNDA:0,(anonymous_9)
FNDA:0,(anonymous_10)
FNDA:1023,(anonymous_11)
FNDA:0,(anonymous_12)
FNDA:0,(anonymous_13)
FNDA:0,(anonymous_14)
FNDA:0,(anonymous_15)
FNDA:220,(anonymous_16)
FNDA:54,(anonymous_17)
FNDA:1572,(anonymous_18)
FNDA:1523,(anonymous_19)
FNDA:1728,(anonymous_20)
FNDA:0,(anonymous_21)
FNDA:0,(anonymous_22)
FNDA:0,(anonymous_23)
FNDA:0,(anonymous_24)
FNDA:205,(anonymous_25)
FNDA:0,(anonymous_26)
FNDA:0,(anonymous_27)
FNDA:2,(anonymous_28)
FNDA:2,(anonymous_29)
DA:7,5
DA:8,1615
DA:17,5
DA:18,519
DA:26,5
DA:27,60
DA:33,5
DA:34,3
DA:40,5
DA:41,2234
DA:47,5
DA:48,0
DA:55,5
DA:56,561
DA:62,5
DA:63,161
DA:69,5
DA:70,161
DA:78,5
DA:79,0
DA:84,5
DA:85,0
DA:90,5
DA:91,1023
DA:97,5
DA:98,0
DA:103,5
DA:104,0
DA:109,5
DA:110,0
DA:115,5
DA:116,0
DA:123,5
DA:124,220
DA:129,5
DA:130,54
DA:140,5
DA:141,1572
DA:147,5
DA:148,1523
DA:154,5
DA:155,1728
DA:163,5
DA:164,0
DA:169,5
DA:170,0
DA:177,5
DA:178,0
DA:183,5
DA:184,0
DA:193,5
DA:194,205
DA:200,5
DA:201,0
DA:208,5
DA:209,0
DA:217,5
DA:218,2
DA:224,5
DA:225,2
LF:60
LH:47
BRDA:7,0,0,1615
BRDA:17,1,0,519
BRDA:26,2,0,60
BRDA:33,3,0,3
BRDA:40,4,0,2234
BRDA:47,5,0,0
BRDA:55,6,0,561
BRDA:62,7,0,161
BRDA:69,8,0,161
BRDA:78,9,0,0
BRDA:78,10,0,0
BRDA:84,11,0,0
BRDA:90,12,0,1023
BRDA:97,13,0,0
BRDA:103,14,0,0
BRDA:109,15,0,0
BRDA:115,16,0,0
BRDA:123,17,0,220
BRDA:123,18,0,220
BRDA:129,19,0,54
BRDA:140,20,0,1572
BRDA:147,21,0,1523
BRDA:154,22,0,1728
BRDA:163,23,0,0
BRDA:169,24,0,0
BRDA:177,25,0,0
BRDA:183,26,0,0
BRDA:193,27,0,205
BRDA:200,28,0,0
BRDA:208,29,0,0
BRDA:217,30,0,2
BRDA:224,31,0,2
BRF:32
BRH:18
end_of_record
TN:
SF:src\components\ProtectedRoute.tsx
FN:10,(anonymous_0)
FNF:1
FNH:1
FNDA:3,(anonymous_0)
DA:10,1
DA:11,3
DA:13,3
DA:14,1
DA:17,2
DA:18,1
DA:21,1
LF:7
LH:7
BRDA:10,0,0,3
BRDA:13,1,0,1
BRDA:13,1,1,2
BRDA:17,2,0,1
BRDA:17,2,1,1
BRDA:17,3,0,2
BRDA:17,3,1,2
BRF:7
BRH:7
end_of_record
TN:
SF:src\components\UserAvatar.tsx
FN:11,(anonymous_0)
FN:18,(anonymous_1)
FNF:2
FNH:2
FNDA:1528,(anonymous_0)
FNDA:1,(anonymous_1)
DA:3,5
DA:11,5
DA:12,1528
DA:14,1528
DA:19,1
LF:5
LH:5
BRDA:11,0,0,1528
BRDA:12,1,0,1528
BRDA:12,1,1,1527
BRDA:17,2,0,1528
BRDA:17,2,1,1
BRF:5
BRH:5
end_of_record
TN:
SF:src\context\AuthContext.tsx
FN:24,(anonymous_0)
FN:38,(anonymous_1)
FN:41,(anonymous_2)
FN:48,(anonymous_3)
FN:49,(anonymous_4)
FN:54,(anonymous_5)
FN:69,(anonymous_6)
FN:70,(anonymous_7)
FN:80,(anonymous_8)
FN:101,(anonymous_9)
FN:147,(anonymous_10)
FN:166,(anonymous_11)
FN:175,(anonymous_12)
FN:203,(anonymous_13)
FN:236,(anonymous_14)
FN:278,(anonymous_15)
FNF:16
FNH:16
FNDA:3,(anonymous_0)
FNDA:108,(anonymous_1)
FNDA:31,(anonymous_2)
FNDA:73,(anonymous_3)
FNDA:126,(anonymous_4)
FNDA:6,(anonymous_5)
FNDA:6,(anonymous_6)
FNDA:28,(anonymous_7)
FNDA:5,(anonymous_8)
FNDA:9,(anonymous_9)
FNDA:4,(anonymous_10)
FNDA:2,(anonymous_11)
FNDA:6,(anonymous_12)
FNDA:4,(anonymous_13)
FNDA:5,(anonymous_14)
FNDA:705,(anonymous_15)
DA:21,9
DA:22,9
DA:24,9
DA:25,3
DA:26,3
DA:27,3
DA:29,3
DA:30,3
DA:31,3
DA:32,3
DA:34,1
DA:38,9
DA:39,108
DA:40,108
DA:41,108
DA:42,31
DA:43,31
DA:44,31
DA:45,20
DA:48,108
DA:49,126
DA:52,108
DA:54,108
DA:55,6
DA:56,6
DA:57,6
DA:58,6
DA:59,6
DA:60,4
DA:61,4
DA:63,2
DA:64,2
DA:66,6
DA:69,108
DA:70,28
DA:71,6
DA:72,2
DA:73,2
DA:76,4
DA:77,4
DA:80,108
DA:81,5
DA:82,5
DA:83,1
DA:84,1
DA:85,1
DA:88,4
DA:89,4
DA:90,3
DA:91,3
DA:92,3
DA:93,3
DA:95,1
DA:96,1
DA:97,1
DA:101,108
DA:102,9
DA:103,2
DA:104,2
DA:105,2
DA:108,7
DA:109,1
DA:110,1
DA:111,1
DA:114,6
DA:115,1
DA:116,1
DA:117,1
DA:120,5
DA:121,1
DA:122,1
DA:123,1
DA:126,4
DA:127,4
DA:128,4
DA:129,3
DA:130,3
DA:131,3
DA:132,3
DA:134,0
DA:136,3
DA:138,1
DA:142,1
DA:143,1
DA:147,108
DA:148,4
DA:149,4
DA:150,2
DA:151,2
DA:152,2
DA:155,2
DA:156,2
DA:157,1
DA:158,4
DA:160,1
DA:161,1
DA:162,1
DA:166,108
DA:167,2
DA:168,2
DA:169,2
DA:170,2
DA:171,2
DA:172,2
DA:175,108
DA:176,6
DA:177,2
DA:178,2
DA:179,2
DA:181,4
DA:182,1
DA:183,1
DA:184,1
DA:186,3
DA:187,1
DA:188,1
DA:189,1
DA:192,2
DA:193,2
DA:194,2
DA:195,2
DA:197,0
DA:198,0
DA:199,0
DA:203,108
DA:204,4
DA:205,2
DA:206,2
DA:207,2
DA:209,2
DA:210,0
DA:211,0
DA:212,0
DA:214,2
DA:215,0
DA:216,0
DA:217,0
DA:219,2
DA:220,0
DA:221,0
DA:222,0
DA:225,2
DA:226,2
DA:227,1
DA:228,1
DA:230,1
DA:231,1
DA:232,1
DA:236,108
DA:237,5
DA:238,5
DA:239,5
DA:240,2
DA:241,2
DA:242,2
DA:244,3
DA:245,1
DA:246,1
DA:247,1
DA:250,2
DA:251,2
DA:252,2
DA:253,5
DA:255,0
DA:256,0
DA:257,0
DA:261,108
DA:274,108
DA:278,9
DA:279,705
DA:280,705
DA:281,0
DA:283,705
LF:173
LH:156
BRDA:25,0,0,0
BRDA:25,0,1,3
BRDA:27,1,0,0
BRDA:27,1,1,3
BRDA:32,2,0,3
BRDA:32,2,1,0
BRDA:34,3,0,1
BRDA:34,3,1,0
BRDA:42,4,0,0
BRDA:42,4,1,31
BRDA:43,5,0,31
BRDA:43,5,1,24
BRDA:44,6,0,11
BRDA:44,6,1,20
BRDA:45,7,0,20
BRDA:45,7,1,13
BRDA:49,8,0,48
BRDA:49,8,1,25
BRDA:49,9,0,48
BRDA:49,9,1,1
BRDA:59,10,0,4
BRDA:59,10,1,2
BRDA:70,11,0,28
BRDA:70,11,1,26
BRDA:71,12,0,2
BRDA:71,12,1,4
BRDA:77,13,0,4
BRDA:77,13,1,0
BRDA:80,14,0,5
BRDA:82,15,0,1
BRDA:82,15,1,4
BRDA:82,16,0,5
BRDA:82,16,1,4
BRDA:93,17,0,3
BRDA:93,17,1,0
BRDA:102,18,0,2
BRDA:102,18,1,7
BRDA:102,19,0,9
BRDA:102,19,1,7
BRDA:102,19,2,7
BRDA:102,19,3,7
BRDA:108,20,0,1
BRDA:108,20,1,6
BRDA:114,21,0,1
BRDA:114,21,1,5
BRDA:120,22,0,1
BRDA:120,22,1,4
BRDA:129,23,0,3
BRDA:129,23,1,0
BRDA:129,24,0,3
BRDA:129,24,1,3
BRDA:134,25,0,0
BRDA:134,25,1,0
BRDA:136,26,0,3
BRDA:136,26,1,0
BRDA:149,27,0,2
BRDA:149,27,1,2
BRDA:157,28,0,1
BRDA:157,28,1,0
BRDA:158,29,0,4
BRDA:158,29,1,0
BRDA:176,30,0,2
BRDA:176,30,1,4
BRDA:176,31,0,6
BRDA:176,31,1,4
BRDA:176,31,2,4
BRDA:181,32,0,1
BRDA:181,32,1,3
BRDA:186,33,0,1
BRDA:186,33,1,2
BRDA:204,34,0,2
BRDA:204,34,1,2
BRDA:209,35,0,0
BRDA:209,35,1,2
BRDA:209,36,0,2
BRDA:209,36,1,2
BRDA:209,36,2,2
BRDA:214,37,0,0
BRDA:214,37,1,2
BRDA:219,38,0,0
BRDA:219,38,1,2
BRDA:239,39,0,2
BRDA:239,39,1,3
BRDA:239,40,0,5
BRDA:239,40,1,3
BRDA:244,41,0,1
BRDA:244,41,1,2
BRDA:252,42,0,2
BRDA:252,42,1,0
BRDA:253,43,0,5
BRDA:253,43,1,0
BRDA:280,44,0,0
BRDA:280,44,1,705
BRF:93
BRH:74
end_of_record
TN:
SF:src\context\DatabaseContext.tsx
FN:15,(anonymous_0)
FN:22,(anonymous_1)
FN:55,(anonymous_2)
FN:62,(anonymous_3)
FN:65,(anonymous_4)
FN:96,(anonymous_5)
FN:101,(anonymous_6)
FN:108,(anonymous_7)
FN:110,(anonymous_8)
FN:113,(anonymous_9)
FN:119,(anonymous_10)
FN:125,(anonymous_11)
FN:129,(anonymous_12)
FN:138,(anonymous_13)
FN:139,(anonymous_14)
FN:147,(anonymous_15)
FN:153,(anonymous_16)
FN:154,(anonymous_17)
FN:154,(anonymous_18)
FN:161,(anonymous_19)
FN:164,(anonymous_20)
FN:171,(anonymous_21)
FN:173,(anonymous_22)
FN:193,(anonymous_23)
FN:202,(anonymous_24)
FN:203,(anonymous_25)
FN:206,(anonymous_26)
FN:212,(anonymous_27)
FN:213,(anonymous_28)
FN:225,(anonymous_29)
FN:228,(anonymous_30)
FN:240,(anonymous_31)
FN:246,(anonymous_32)
FN:248,(anonymous_33)
FN:253,(anonymous_34)
FN:254,(anonymous_35)
FN:256,(anonymous_36)
FN:260,(anonymous_37)
FN:267,(anonymous_38)
FN:268,(anonymous_39)
FN:278,(anonymous_40)
FN:286,(anonymous_41)
FN:300,(anonymous_42)
FN:302,(anonymous_43)
FN:308,(anonymous_44)
FN:327,(anonymous_45)
FN:336,(anonymous_46)
FN:337,(anonymous_47)
FN:340,(anonymous_48)
FN:346,(anonymous_49)
FN:347,(anonymous_50)
FN:350,(anonymous_51)
FN:356,(anonymous_52)
FN:357,(anonymous_53)
FN:358,(anonymous_54)
FN:363,(anonymous_55)
FN:398,(anonymous_56)
FNF:57
FNH:53
FNDA:7,(anonymous_0)
FNDA:92,(anonymous_1)
FNDA:123,(anonymous_2)
FNDA:33,(anonymous_3)
FNDA:33,(anonymous_4)
FNDA:33,(anonymous_5)
FNDA:91,(anonymous_6)
FNDA:1,(anonymous_7)
FNDA:1,(anonymous_8)
FNDA:0,(anonymous_9)
FNDA:19,(anonymous_10)
FNDA:2,(anonymous_11)
FNDA:2,(anonymous_12)
FNDA:2,(anonymous_13)
FNDA:2,(anonymous_14)
FNDA:8,(anonymous_15)
FNDA:2,(anonymous_16)
FNDA:4,(anonymous_17)
FNDA:3,(anonymous_18)
FNDA:1,(anonymous_19)
FNDA:4,(anonymous_20)
FNDA:1,(anonymous_21)
FNDA:1,(anonymous_22)
FNDA:1,(anonymous_23)
FNDA:0,(anonymous_24)
FNDA:0,(anonymous_25)
FNDA:0,(anonymous_26)
FNDA:1,(anonymous_27)
FNDA:1,(anonymous_28)
FNDA:1,(anonymous_29)
FNDA:4,(anonymous_30)
FNDA:3,(anonymous_31)
FNDA:3,(anonymous_32)
FNDA:9,(anonymous_33)
FNDA:8,(anonymous_34)
FNDA:8,(anonymous_35)
FNDA:29,(anonymous_36)
FNDA:5,(anonymous_37)
FNDA:4,(anonymous_38)
FNDA:6,(anonymous_39)
FNDA:2,(anonymous_40)
FNDA:2,(anonymous_41)
FNDA:6,(anonymous_42)
FNDA:36,(anonymous_43)
FNDA:12,(anonymous_44)
FNDA:6,(anonymous_45)
FNDA:1,(anonymous_46)
FNDA:1,(anonymous_47)
FNDA:7,(anonymous_48)
FNDA:3,(anonymous_49)
FNDA:3,(anonymous_50)
FNDA:19,(anonymous_51)
FNDA:1,(anonymous_52)
FNDA:1,(anonymous_53)
FNDA:2,(anonymous_54)
FNDA:7,(anonymous_55)
FNDA:706,(anonymous_56)
DA:15,10
DA:16,7
DA:19,7
DA:22,92
DA:53,10
DA:55,10
DA:56,123
DA:57,123
DA:58,123
DA:59,123
DA:60,123
DA:62,123
DA:63,33
DA:65,33
DA:66,33
DA:67,33
DA:68,33
DA:69,33
DA:70,33
DA:71,18
DA:72,0
DA:78,33
DA:79,33
DA:80,33
DA:81,17
DA:83,33
DA:84,33
DA:86,0
DA:87,0
DA:88,0
DA:89,0
DA:94,33
DA:96,33
DA:97,33
DA:101,123
DA:102,91
DA:104,57
DA:105,57
DA:107,19
DA:108,19
DA:109,1
DA:111,1
DA:114,0
DA:115,0
DA:119,19
DA:120,19
DA:125,123
DA:126,2
DA:127,2
DA:129,2
DA:130,2
DA:134,2
DA:138,123
DA:139,2
DA:140,2
DA:145,2
DA:147,8
DA:149,2
DA:153,123
DA:154,4
DA:156,2
DA:157,1
DA:158,1
DA:161,1
DA:162,1
DA:164,4
DA:166,1
DA:171,123
DA:172,1
DA:173,1
DA:175,1
DA:176,1
DA:177,1
DA:187,1
DA:193,1
DA:194,1
DA:198,1
DA:202,123
DA:203,0
DA:204,0
DA:206,0
DA:208,0
DA:212,123
DA:213,1
DA:214,1
DA:216,1
DA:225,1
DA:226,1
DA:229,4
DA:230,1
DA:240,123
DA:244,3
DA:245,3
DA:246,3
DA:248,9
DA:250,3
DA:253,123
DA:254,8
DA:256,29
DA:260,123
DA:261,5
DA:262,5
DA:263,5
DA:264,5
DA:267,123
DA:268,6
DA:269,4
DA:270,1
DA:271,1
DA:273,3
DA:274,3
DA:278,123
DA:286,2
DA:287,2
DA:288,2
DA:291,2
DA:292,2
DA:293,2
DA:294,2
DA:295,2
DA:296,2
DA:300,123
DA:301,6
DA:302,36
DA:303,0
DA:306,6
DA:308,12
DA:313,6
DA:327,6
DA:332,6
DA:336,123
DA:337,1
DA:338,1
DA:340,7
DA:342,1
DA:346,123
DA:347,3
DA:348,3
DA:350,19
DA:352,3
DA:356,123
DA:357,1
DA:358,2
DA:359,1
DA:361,1
DA:364,7
DA:365,1
DA:368,1
DA:372,123
DA:398,10
DA:399,706
DA:400,706
DA:401,0
DA:403,706
LF:154
LH:141
BRDA:16,0,0,7
BRDA:16,0,1,0
BRDA:16,1,0,7
BRDA:16,1,1,7
BRDA:68,2,0,16
BRDA:68,2,1,17
BRDA:71,3,0,0
BRDA:71,3,1,18
BRDA:78,4,0,0
BRDA:78,4,1,33
BRDA:80,5,0,17
BRDA:80,5,1,16
BRDA:86,6,0,0
BRDA:86,6,1,0
BRDA:102,7,0,34
BRDA:102,7,1,57
BRDA:105,8,0,38
BRDA:105,8,1,19
BRDA:107,9,0,12
BRDA:107,9,1,7
BRDA:120,10,0,19
BRDA:120,10,1,0
BRDA:147,11,0,2
BRDA:147,11,1,6
BRDA:154,12,0,2
BRDA:154,12,1,1
BRDA:156,13,0,1
BRDA:156,13,1,1
BRDA:176,14,0,1
BRDA:176,14,1,0
BRDA:176,15,0,1
BRDA:176,15,1,1
BRDA:214,16,0,0
BRDA:214,16,1,1
BRDA:229,17,0,3
BRDA:229,17,1,1
BRDA:256,18,0,8
BRDA:256,18,1,21
BRDA:269,19,0,1
BRDA:269,19,1,3
BRDA:287,20,0,0
BRDA:287,20,1,2
BRDA:293,21,0,2
BRDA:293,21,1,0
BRDA:302,22,0,0
BRDA:302,22,1,6
BRDA:306,23,0,6
BRDA:306,23,1,0
BRDA:314,24,0,6
BRDA:314,24,1,2
BRDA:317,25,0,0
BRDA:317,25,1,6
BRDA:318,26,0,6
BRDA:318,26,1,2
BRDA:319,27,0,6
BRDA:319,27,1,2
BRDA:320,28,0,6
BRDA:320,28,1,2
BRDA:324,29,0,6
BRDA:324,29,1,2
BRDA:350,30,0,3
BRDA:350,30,1,16
BRDA:359,31,0,1
BRDA:359,31,1,0
BRDA:364,32,0,6
BRDA:364,32,1,1
BRDA:400,33,0,0
BRDA:400,33,1,706
BRF:68
BRH:53
end_of_record
TN:
SF:src\context\ToastContext.tsx
FN:17,(anonymous_0)
FN:20,(anonymous_1)
FN:22,(anonymous_2)
FN:25,(anonymous_3)
FN:26,(anonymous_4)
FN:26,(anonymous_5)
FN:36,(anonymous_6)
FN:48,(anonymous_7)
FN:48,(anonymous_8)
FN:48,(anonymous_9)
FN:61,(anonymous_10)
FN:70,(anonymous_11)
FN:79,(anonymous_12)
FN:88,(anonymous_13)
FNF:14
FNH:9
FNDA:78,(anonymous_0)
FNDA:47,(anonymous_1)
FNDA:46,(anonymous_2)
FNDA:4,(anonymous_3)
FNDA:0,(anonymous_4)
FNDA:0,(anonymous_5)
FNDA:153,(anonymous_6)
FNDA:0,(anonymous_7)
FNDA:0,(anonymous_8)
FNDA:0,(anonymous_9)
FNDA:792,(anonymous_10)
FNDA:153,(anonymous_11)
FNDA:153,(anonymous_12)
FNDA:153,(anonymous_13)
DA:15,10
DA:17,10
DA:18,78
DA:20,78
DA:21,47
DA:22,47
DA:25,47
DA:26,4
DA:30,78
DA:37,153
DA:48,0
DA:61,10
DA:62,792
DA:63,792
DA:64,0
DA:66,792
DA:70,10
DA:71,153
DA:72,37
DA:73,97
DA:74,7
DA:75,12
DA:79,10
DA:80,153
DA:81,37
DA:82,97
DA:83,7
DA:84,12
DA:88,10
DA:89,153
DA:90,37
DA:91,97
DA:92,7
DA:93,12
DA:98,10
DA:110,10
DA:124,10
DA:129,10
DA:133,10
LF:39
LH:37
BRDA:20,0,0,47
BRDA:63,1,0,0
BRDA:63,1,1,792
BRDA:71,2,0,37
BRDA:71,2,1,97
BRDA:71,2,2,7
BRDA:71,2,3,12
BRDA:80,3,0,37
BRDA:80,3,1,97
BRDA:80,3,2,7
BRDA:80,3,3,12
BRDA:89,4,0,37
BRDA:89,4,1,97
BRDA:89,4,2,7
BRDA:89,4,3,12
BRF:15
BRH:14
end_of_record
TN:
SF:src\db\database.ts
FN:12,(anonymous_0)
FN:18,(anonymous_1)
FN:21,(anonymous_2)
FN:32,(anonymous_3)
FN:33,(anonymous_4)
FN:38,(anonymous_5)
FN:39,(anonymous_6)
FN:43,(anonymous_7)
FN:56,(anonymous_8)
FN:57,(anonymous_9)
FN:58,(anonymous_10)
FN:61,(anonymous_11)
FN:62,(anonymous_12)
FN:64,(anonymous_13)
FN:70,(anonymous_14)
FN:71,(anonymous_15)
FN:75,(anonymous_16)
FN:75,(anonymous_17)
FNF:18
FNH:18
FNDA:289,(anonymous_0)
FNDA:75,(anonymous_1)
FNDA:225,(anonymous_2)
FNDA:19,(anonymous_3)
FNDA:57,(anonymous_4)
FNDA:19,(anonymous_5)
FNDA:19,(anonymous_6)
FNDA:57,(anonymous_7)
FNDA:110,(anonymous_8)
FNDA:662,(anonymous_9)
FNDA:2062,(anonymous_10)
FNDA:2062,(anonymous_11)
FNDA:1122,(anonymous_12)
FNDA:1122,(anonymous_13)
FNDA:555,(anonymous_14)
FNDA:1107,(anonymous_15)
FNDA:1540,(anonymous_16)
FNDA:2968,(anonymous_17)
DA:4,11
DA:6,11
DA:12,11
DA:13,289
DA:14,6
DA:15,2
DA:18,11
DA:19,75
DA:21,225
DA:29,75
DA:32,11
DA:33,57
DA:34,19
DA:35,0
DA:38,19
DA:39,19
DA:43,57
DA:48,19
DA:56,11
DA:57,110
DA:58,2062
DA:60,662
DA:61,2062
DA:62,1122
DA:64,662
DA:65,1122
DA:66,1122
DA:69,662
DA:70,555
DA:71,1107
DA:73,662
DA:75,2968
DA:77,662
DA:84,110
LF:34
LH:33
BRDA:13,0,0,283
BRDA:13,0,1,6
BRDA:14,1,0,4
BRDA:14,1,1,2
BRDA:14,2,0,6
BRDA:14,2,1,4
BRDA:34,3,0,0
BRDA:34,3,1,19
BRDA:34,4,0,19
BRDA:34,4,1,19
BRDA:34,4,2,19
BRDA:34,4,3,19
BRDA:34,4,4,19
BRDA:39,5,0,0
BRDA:39,5,1,19
BRDA:39,6,0,19
BRDA:39,6,1,19
BRDA:65,7,0,1122
BRDA:65,7,1,1107
BRDA:74,8,0,662
BRDA:74,8,1,0
BRF:21
BRH:18
end_of_record
TN:
SF:src\db\initialData.ts
FNF:0
FNH:0
DA:3,11
DA:78,11
DA:114,11
DA:182,11
LF:4
LH:4
BRF:0
BRH:0
end_of_record
TN:
SF:src\pages\AuditLogs.css
FNF:0
FNH:0
LF:0
LH:0
BRF:0
BRH:0
end_of_record
TN:
SF:src\pages\AuditLogs.tsx
FN:58,(anonymous_0)
FN:67,(anonymous_1)
FN:71,(anonymous_2)
FN:74,(anonymous_3)
FN:77,(anonymous_4)
FN:80,(anonymous_5)
FN:84,(anonymous_6)
FN:90,(anonymous_7)
FN:97,(anonymous_8)
FN:98,(anonymous_9)
FN:101,(anonymous_10)
FN:109,(anonymous_11)
FN:117,(anonymous_12)
FN:120,(anonymous_13)
FN:123,(anonymous_14)
FN:153,(anonymous_15)
FN:156,(anonymous_16)
FN:166,(anonymous_17)
FN:175,(anonymous_18)
FN:184,(anonymous_19)
FN:193,(anonymous_20)
FN:206,(anonymous_21)
FN:215,(anonymous_22)
FN:264,(anonymous_23)
FN:276,(anonymous_24)
FN:285,(anonymous_25)
FN:296,(anonymous_26)
FN:323,toApiFilters
FN:337,toIsoDate
FN:343,formatDate
FN:352,formatDetails
FN:354,(anonymous_31)
FN:357,(anonymous_32)
FNF:33
FNH:26
FNDA:12,(anonymous_0)
FNDA:5,(anonymous_1)
FNDA:4,(anonymous_2)
FNDA:1,(anonymous_3)
FNDA:1,(anonymous_4)
FNDA:5,(anonymous_5)
FNDA:5,(anonymous_6)
FNDA:7,(anonymous_7)
FNDA:2,(anonymous_8)
FNDA:2,(anonymous_9)
FNDA:1,(anonymous_10)
FNDA:0,(anonymous_11)
FNDA:1,(anonymous_12)
FNDA:1,(anonymous_13)
FNDA:1,(anonymous_14)
FNDA:0,(anonymous_15)
FNDA:108,(anonymous_16)
FNDA:1,(anonymous_17)
FNDA:0,(anonymous_18)
FNDA:0,(anonymous_19)
FNDA:1,(anonymous_20)
FNDA:0,(anonymous_21)
FNDA:0,(anonymous_22)
FNDA:5,(anonymous_23)
FNDA:0,(anonymous_24)
FNDA:1,(anonymous_25)
FNDA:5,(anonymous_26)
FNDA:5,toApiFilters
FNDA:10,toIsoDate
FNDA:5,formatDate
FNDA:5,formatDetails
FNDA:10,(anonymous_31)
FNDA:10,(anonymous_32)
DA:10,1
DA:12,1
DA:24,1
DA:41,1
DA:51,1
DA:58,1
DA:59,12
DA:60,12
DA:61,12
DA:62,12
DA:63,12
DA:64,12
DA:65,12
DA:67,12
DA:68,5
DA:70,5
DA:72,4
DA:75,1
DA:76,1
DA:77,1
DA:81,5
DA:84,5
DA:85,5
DA:89,12
DA:90,12
DA:91,7
DA:92,3
DA:93,3
DA:94,3
DA:97,12
DA:98,2
DA:101,12
DA:102,1
DA:103,1
DA:104,1
DA:105,1
DA:106,1
DA:109,12
DA:110,0
DA:111,0
DA:112,0
DA:113,0
DA:114,0
DA:117,12
DA:118,1
DA:119,1
DA:120,1
DA:123,12
DA:124,1
DA:125,1
DA:126,1
DA:129,12
DA:153,0
DA:157,108
DA:166,1
DA:175,0
DA:184,0
DA:193,1
DA:206,0
DA:215,0
DA:264,5
DA:276,0
DA:285,1
DA:296,1
DA:297,5
DA:324,5
DA:338,10
DA:339,0
DA:340,0
DA:344,5
DA:345,5
DA:346,5
DA:353,5
DA:354,10
DA:356,5
DA:357,10
DA:359,0
DA:360,0
DA:361,0
LF:79
LH:63
BRDA:72,0,0,4
BRDA:72,0,1,0
BRDA:75,1,0,1
BRDA:75,1,1,0
BRDA:81,2,0,5
BRDA:81,2,1,0
BRDA:91,3,0,4
BRDA:91,3,1,3
BRDA:233,4,0,12
BRDA:233,4,1,5
BRDA:235,5,0,12
BRDA:235,5,1,7
BRDA:235,5,2,1
BRDA:244,6,0,12
BRDA:244,6,1,7
BRDA:244,6,2,6
BRDA:244,6,3,1
BRDA:250,7,0,12
BRDA:250,7,1,7
BRDA:250,7,2,6
BRDA:250,7,3,5
BRDA:270,8,0,12
BRDA:270,8,1,7
BRDA:270,8,2,6
BRDA:270,8,3,5
BRDA:300,9,0,5
BRDA:300,9,1,5
BRDA:303,10,0,5
BRDA:303,10,1,0
BRDA:307,11,0,5
BRDA:307,11,1,0
BRDA:308,12,0,5
BRDA:308,12,1,5
BRDA:311,13,0,5
BRDA:311,13,1,0
BRDA:312,14,0,5
BRDA:312,14,1,5
BRDA:316,15,0,4
BRDA:316,15,1,1
BRDA:317,16,0,4
BRDA:317,16,1,1
BRDA:327,17,0,5
BRDA:327,17,1,5
BRDA:328,18,0,5
BRDA:328,18,1,3
BRDA:329,19,0,5
BRDA:329,19,1,5
BRDA:330,20,0,5
BRDA:330,20,1,5
BRDA:331,21,0,2
BRDA:331,21,1,3
BRDA:338,22,0,10
BRDA:338,22,1,0
BRDA:340,23,0,0
BRDA:340,23,1,0
BRDA:345,24,0,0
BRDA:345,24,1,5
BRDA:353,25,0,5
BRDA:353,25,1,0
BRDA:356,26,0,5
BRDA:356,26,1,0
BRDA:357,27,0,10
BRDA:357,27,1,0
BRDA:359,28,0,0
BRDA:359,28,1,0
BRDA:360,29,0,0
BRDA:360,29,1,0
BRF:67
BRH:50
end_of_record
TN:
SF:src\pages\Events.tsx
FN:11,(anonymous_0)
FN:21,(anonymous_1)
FN:78,(anonymous_2)
FN:82,(anonymous_3)
FN:85,(anonymous_4)
FN:91,(anonymous_5)
FN:98,(anonymous_6)
FN:101,(anonymous_7)
FN:110,(anonymous_8)
FN:131,(anonymous_9)
FN:148,(anonymous_10)
FN:157,(anonymous_11)
FN:171,(anonymous_12)
FN:181,(anonymous_13)
FN:204,(anonymous_14)
FN:206,(anonymous_15)
FN:230,(anonymous_16)
FN:240,(anonymous_17)
FN:261,(anonymous_18)
FN:274,(anonymous_19)
FN:275,(anonymous_20)
FN:293,(anonymous_21)
FN:308,(anonymous_22)
FN:312,(anonymous_23)
FN:328,(anonymous_24)
FN:340,(anonymous_25)
FN:371,(anonymous_26)
FN:400,(anonymous_27)
FN:407,(anonymous_28)
FN:408,(anonymous_29)
FN:409,(anonymous_30)
FN:462,(anonymous_31)
FN:473,(anonymous_32)
FN:478,(anonymous_33)
FN:483,(anonymous_34)
FN:515,(anonymous_35)
FN:516,(anonymous_36)
FN:528,(anonymous_37)
FN:550,(anonymous_38)
FN:563,(anonymous_39)
FN:583,(anonymous_40)
FN:585,(anonymous_41)
FN:594,(anonymous_42)
FN:598,(anonymous_43)
FN:602,(anonymous_44)
FN:608,(anonymous_45)
FN:617,(anonymous_46)
FN:623,(anonymous_47)
FN:634,(anonymous_48)
FN:635,(anonymous_49)
FN:650,(anonymous_50)
FN:664,(anonymous_51)
FN:667,(anonymous_52)
FN:668,(anonymous_53)
FN:685,(anonymous_54)
FN:696,(anonymous_55)
FN:708,(anonymous_56)
FN:720,(anonymous_57)
FN:726,(anonymous_58)
FNF:59
FNH:50
FNDA:0,(anonymous_0)
FNDA:507,(anonymous_1)
FNDA:15212,(anonymous_2)
FNDA:45666,(anonymous_3)
FNDA:1,(anonymous_4)
FNDA:2,(anonymous_5)
FNDA:3,(anonymous_6)
FNDA:5,(anonymous_7)
FNDA:3,(anonymous_8)
FNDA:1,(anonymous_9)
FNDA:1,(anonymous_10)
FNDA:1,(anonymous_11)
FNDA:8,(anonymous_12)
FNDA:9,(anonymous_13)
FNDA:6,(anonymous_14)
FNDA:12,(anonymous_15)
FNDA:1,(anonymous_16)
FNDA:3,(anonymous_17)
FNDA:2,(anonymous_18)
FNDA:1522,(anonymous_19)
FNDA:1018,(anonymous_20)
FNDA:10,(anonymous_21)
FNDA:1,(anonymous_22)
FNDA:1,(anonymous_23)
FNDA:15213,(anonymous_24)
FNDA:1,(anonymous_25)
FNDA:1,(anonymous_26)
FNDA:0,(anonymous_27)
FNDA:1520,(anonymous_28)
FNDA:3039,(anonymous_29)
FNDA:4052,(anonymous_30)
FNDA:1,(anonymous_31)
FNDA:1,(anonymous_32)
FNDA:1,(anonymous_33)
FNDA:1,(anonymous_34)
FNDA:0,(anonymous_35)
FNDA:38,(anonymous_36)
FNDA:184,(anonymous_37)
FNDA:15,(anonymous_38)
FNDA:99,(anonymous_39)
FNDA:1,(anonymous_40)
FNDA:1158,(anonymous_41)
FNDA:2,(anonymous_42)
FNDA:0,(anonymous_43)
FNDA:0,(anonymous_44)
FNDA:30,(anonymous_45)
FNDA:30,(anonymous_46)
FNDA:0,(anonymous_47)
FNDA:0,(anonymous_48)
FNDA:6,(anonymous_49)
FNDA:170,(anonymous_50)
FNDA:1,(anonymous_51)
FNDA:170,(anonymous_52)
FNDA:680,(anonymous_53)
FNDA:0,(anonymous_54)
FNDA:37,(anonymous_55)
FNDA:32,(anonymous_56)
FNDA:14,(anonymous_57)
FNDA:0,(anonymous_58)
DA:11,2
DA:12,0
DA:13,0
DA:14,0
DA:15,0
DA:16,0
DA:17,0
DA:18,0
DA:21,2
DA:22,507
DA:23,507
DA:24,507
DA:27,507
DA:28,507
DA:29,507
DA:32,507
DA:33,507
DA:34,507
DA:37,507
DA:38,507
DA:39,507
DA:40,507
DA:41,507
DA:42,507
DA:43,507
DA:44,507
DA:45,507
DA:46,507
DA:47,507
DA:48,507
DA:51,507
DA:52,507
DA:53,507
DA:54,507
DA:55,507
DA:58,507
DA:59,507
DA:60,507
DA:62,507
DA:63,507
DA:67,507
DA:69,507
DA:70,507
DA:71,2
DA:73,507
DA:74,15211
DA:78,507
DA:79,15212
DA:80,15212
DA:81,15212
DA:82,45666
DA:85,507
DA:86,1
DA:87,1
DA:88,1
DA:91,507
DA:92,2
DA:93,2
DA:94,2
DA:98,507
DA:99,3
DA:101,5
DA:102,3
DA:103,0
DA:104,0
DA:107,3
DA:108,1
DA:109,1
DA:110,3
DA:111,1
DA:118,0
DA:121,2
DA:122,2
DA:123,2
DA:125,0
DA:131,507
DA:132,1
DA:133,1
DA:134,0
DA:135,0
DA:138,1
DA:139,1
DA:148,1
DA:149,1
DA:150,1
DA:151,1
DA:153,0
DA:157,507
DA:158,1
DA:159,1
DA:160,1
DA:161,1
DA:162,1
DA:163,1
DA:164,1
DA:165,1
DA:166,1
DA:167,1
DA:168,1
DA:171,507
DA:172,8
DA:173,8
DA:174,8
DA:175,8
DA:176,8
DA:177,8
DA:178,8
DA:181,507
DA:182,9
DA:183,9
DA:184,9
DA:185,9
DA:186,9
DA:187,9
DA:188,6
DA:189,6
DA:191,3
DA:192,3
DA:193,3
DA:194,2
DA:195,2
DA:196,1
DA:198,3
DA:200,9
DA:204,507
DA:205,6
DA:206,12
DA:207,6
DA:208,6
DA:209,6
DA:210,6
DA:213,2
DA:214,2
DA:216,4
DA:217,4
DA:218,4
DA:219,4
DA:220,3
DA:221,2
DA:223,4
DA:225,6
DA:230,507
DA:231,1
DA:232,1
DA:233,1
DA:234,1
DA:235,1
DA:236,1
DA:237,1
DA:240,507
DA:241,3
DA:242,3
DA:243,3
DA:244,1
DA:245,1
DA:247,2
DA:248,1
DA:249,1
DA:252,1
DA:253,1
DA:261,2
DA:262,3
DA:263,3
DA:264,3
DA:266,0
DA:268,1
DA:269,1
DA:273,507
DA:274,1522
DA:275,1018
DA:278,507
DA:280,507
DA:293,10
DA:308,1
DA:312,1
DA:329,15213
DA:330,2
DA:333,15211
DA:334,15211
DA:335,15211
DA:337,15211
DA:340,1
DA:371,1
DA:400,0
DA:408,3039
DA:409,4052
DA:410,1520
DA:411,1520
DA:412,1520
DA:415,1520
DA:417,1520
DA:462,1
DA:473,1
DA:478,1
DA:483,1
DA:515,0
DA:516,38
DA:528,184
DA:550,15
DA:563,99
DA:583,1
DA:586,1158
DA:594,2
DA:598,0
DA:602,0
DA:608,30
DA:617,30
DA:623,0
DA:634,0
DA:635,6
DA:650,170
DA:664,1
DA:668,680
DA:669,170
DA:685,0
DA:696,37
DA:708,32
DA:720,14
DA:726,0
DA:742,2
DA:753,2
DA:759,2
DA:764,2
DA:771,2
DA:778,2
DA:785,2
DA:795,2
DA:801,2
DA:815,2
DA:819,2
DA:828,2
DA:836,2
DA:842,2
DA:848,2
DA:856,2
DA:863,2
DA:869,2
DA:875,2
DA:880,2
DA:887,2
DA:893,2
DA:904,2
DA:914,2
DA:921,2
DA:927,2
DA:936,2
DA:947,2
DA:952,2
DA:960,2
DA:968,2
DA:983,2
DA:984,2
DA:985,2
DA:986,2
LF:254
LH:231
BRDA:12,0,0,0
BRDA:12,0,1,0
BRDA:13,1,0,0
BRDA:13,1,1,0
BRDA:14,2,0,0
BRDA:14,2,1,0
BRDA:15,3,0,0
BRDA:15,3,1,0
BRDA:16,4,0,0
BRDA:16,4,1,0
BRDA:17,5,0,0
BRDA:17,5,1,0
BRDA:67,6,0,0
BRDA:67,6,1,507
BRDA:82,7,0,45666
BRDA:82,7,1,1519
BRDA:88,8,0,1
BRDA:88,8,1,0
BRDA:99,9,0,0
BRDA:99,9,1,3
BRDA:102,10,0,0
BRDA:102,10,1,3
BRDA:102,11,0,3
BRDA:102,11,1,3
BRDA:107,12,0,1
BRDA:107,12,1,2
BRDA:110,13,0,1
BRDA:110,13,1,0
BRDA:112,14,0,1
BRDA:112,14,1,0
BRDA:115,15,0,1
BRDA:115,15,1,0
BRDA:133,16,0,0
BRDA:133,16,1,1
BRDA:146,17,0,1
BRDA:146,17,1,0
BRDA:148,18,0,1
BRDA:148,18,1,0
BRDA:182,19,0,0
BRDA:182,19,1,9
BRDA:182,20,0,9
BRDA:182,20,1,9
BRDA:192,21,0,3
BRDA:192,21,1,0
BRDA:193,22,0,1
BRDA:193,22,1,2
BRDA:194,23,0,0
BRDA:194,23,1,2
BRDA:195,24,0,1
BRDA:195,24,1,1
BRDA:196,25,0,1
BRDA:196,25,1,0
BRDA:196,26,0,1
BRDA:196,26,1,1
BRDA:205,27,0,0
BRDA:205,27,1,6
BRDA:205,28,0,6
BRDA:205,28,1,6
BRDA:205,28,2,6
BRDA:206,29,0,6
BRDA:206,29,1,0
BRDA:217,30,0,4
BRDA:217,30,1,0
BRDA:218,31,0,0
BRDA:218,31,1,4
BRDA:219,32,0,1
BRDA:219,32,1,3
BRDA:220,33,0,1
BRDA:220,33,1,2
BRDA:221,34,0,2
BRDA:221,34,1,0
BRDA:221,35,0,2
BRDA:221,35,1,1
BRDA:242,36,0,0
BRDA:242,36,1,3
BRDA:243,37,0,1
BRDA:243,37,1,2
BRDA:247,38,0,1
BRDA:247,38,1,1
BRDA:258,39,0,1
BRDA:258,39,1,0
BRDA:259,40,0,3
BRDA:259,40,1,0
BRDA:261,41,0,1
BRDA:261,41,1,0
BRDA:278,42,0,1
BRDA:278,42,1,506
BRDA:292,43,0,507
BRDA:292,43,1,507
BRDA:329,44,0,2
BRDA:329,44,1,15211
BRDA:343,45,0,1
BRDA:343,45,1,15210
BRDA:345,46,0,1517
BRDA:345,46,1,13693
BRDA:346,47,0,1
BRDA:346,47,1,15210
BRDA:348,48,0,1517
BRDA:348,48,1,13693
BRDA:349,49,0,1518
BRDA:349,49,1,13693
BRDA:349,50,0,15213
BRDA:349,50,1,13693
BRDA:353,51,0,15213
BRDA:353,51,1,1518
BRDA:367,52,0,507
BRDA:367,52,1,1
BRDA:385,53,0,1
BRDA:385,53,1,506
BRDA:391,54,0,0
BRDA:391,54,1,507
BRDA:394,55,0,0
BRDA:394,55,1,0
BRDA:399,56,0,0
BRDA:399,56,1,0
BRDA:410,57,0,1520
BRDA:410,57,1,1520
BRDA:411,58,0,1520
BRDA:411,58,1,1520
BRDA:415,59,0,1520
BRDA:415,59,1,1520
BRDA:415,59,2,506
BRDA:442,60,0,1520
BRDA:442,60,1,506
BRDA:459,61,0,1520
BRDA:459,61,1,1520
BRDA:471,62,0,1520
BRDA:471,62,1,0
BRDA:472,63,0,1014
BRDA:472,63,1,506
BRDA:477,64,0,1
BRDA:477,64,1,505
BRDA:484,65,0,505
BRDA:484,65,1,0
BRDA:514,66,0,507
BRDA:514,66,1,386
BRDA:534,67,0,386
BRDA:534,67,1,371
BRDA:537,68,0,15
BRDA:537,68,1,371
BRDA:544,69,0,386
BRDA:544,69,1,15
BRDA:545,70,0,386
BRDA:545,70,1,7
BRDA:547,71,0,386
BRDA:547,71,1,15
BRDA:553,72,0,386
BRDA:553,72,1,130
BRDA:569,73,0,130
BRDA:569,73,1,124
BRDA:572,74,0,6
BRDA:572,74,1,124
BRDA:633,75,0,507
BRDA:633,75,1,85
BRDA:633,75,2,85
BRDA:983,76,0,2
BRDA:983,76,1,0
BRF:157
BRH:114
end_of_record
TN:
SF:src\pages\Games.tsx
FN:9,(anonymous_0)
FN:36,(anonymous_1)
FN:38,(anonymous_2)
FN:42,(anonymous_3)
FN:45,(anonymous_4)
FN:53,(anonymous_5)
FN:76,(anonymous_6)
FN:91,(anonymous_7)
FN:113,(anonymous_8)
FN:124,(anonymous_9)
FN:136,(anonymous_10)
FN:155,(anonymous_11)
FN:170,(anonymous_12)
FN:177,(anonymous_13)
FN:180,(anonymous_14)
FN:198,(anonymous_15)
FN:204,(anonymous_16)
FN:209,(anonymous_17)
FN:242,(anonymous_18)
FN:250,(anonymous_19)
FN:257,(anonymous_20)
FN:272,(anonymous_21)
FN:273,(anonymous_22)
FN:274,(anonymous_23)
FN:284,(anonymous_24)
FN:331,(anonymous_25)
FN:336,(anonymous_26)
FN:337,(anonymous_27)
FN:338,(anonymous_28)
FN:359,(anonymous_29)
FN:360,(anonymous_30)
FN:365,(anonymous_31)
FN:369,(anonymous_32)
FN:375,(anonymous_33)
FN:386,(anonymous_34)
FN:393,(anonymous_35)
FN:397,(anonymous_36)
FN:401,(anonymous_37)
FN:405,(anonymous_38)
FN:412,(anonymous_39)
FN:422,(anonymous_40)
FN:423,(anonymous_41)
FN:428,(anonymous_42)
FN:432,(anonymous_43)
FN:438,(anonymous_44)
FN:449,(anonymous_45)
FN:456,(anonymous_46)
FN:460,(anonymous_47)
FN:464,(anonymous_48)
FN:468,(anonymous_49)
FN:475,(anonymous_50)
FNF:51
FNH:27
FNDA:52,(anonymous_0)
FNDA:7,(anonymous_1)
FNDA:5,(anonymous_2)
FNDA:173,(anonymous_3)
FNDA:173,(anonymous_4)
FNDA:1,(anonymous_5)
FNDA:1,(anonymous_6)
FNDA:1,(anonymous_7)
FNDA:1,(anonymous_8)
FNDA:3,(anonymous_9)
FNDA:205,(anonymous_10)
FNDA:1,(anonymous_11)
FNDA:6,(anonymous_12)
FNDA:156,(anonymous_13)
FNDA:0,(anonymous_14)
FNDA:0,(anonymous_15)
FNDA:161,(anonymous_16)
FNDA:0,(anonymous_17)
FNDA:0,(anonymous_18)
FNDA:1,(anonymous_19)
FNDA:1,(anonymous_20)
FNDA:0,(anonymous_21)
FNDA:0,(anonymous_22)
FNDA:0,(anonymous_23)
FNDA:220,(anonymous_24)
FNDA:132,(anonymous_25)
FNDA:132,(anonymous_26)
FNDA:44,(anonymous_27)
FNDA:176,(anonymous_28)
FNDA:0,(anonymous_29)
FNDA:3,(anonymous_30)
FNDA:5,(anonymous_31)
FNDA:18,(anonymous_32)
FNDA:0,(anonymous_33)
FNDA:0,(anonymous_34)
FNDA:0,(anonymous_35)
FNDA:0,(anonymous_36)
FNDA:0,(anonymous_37)
FNDA:0,(anonymous_38)
FNDA:0,(anonymous_39)
FNDA:0,(anonymous_40)
FNDA:2,(anonymous_41)
FNDA:14,(anonymous_42)
FNDA:0,(anonymous_43)
FNDA:0,(anonymous_44)
FNDA:0,(anonymous_45)
FNDA:0,(anonymous_46)
FNDA:0,(anonymous_47)
FNDA:0,(anonymous_48)
FNDA:0,(anonymous_49)
FNDA:0,(anonymous_50)
DA:9,1
DA:10,52
DA:11,52
DA:12,52
DA:13,52
DA:14,52
DA:17,52
DA:18,52
DA:21,52
DA:22,52
DA:23,52
DA:26,52
DA:27,52
DA:28,52
DA:29,52
DA:30,52
DA:31,52
DA:32,52
DA:34,52
DA:36,52
DA:37,7
DA:38,7
DA:42,173
DA:45,52
DA:46,173
DA:48,173
DA:49,173
DA:53,52
DA:54,1
DA:55,1
DA:57,1
DA:59,1
DA:70,1
DA:71,1
DA:72,1
DA:76,52
DA:77,1
DA:78,1
DA:79,1
DA:80,1
DA:81,1
DA:82,1
DA:83,1
DA:84,1
DA:85,1
DA:86,1
DA:87,1
DA:91,52
DA:92,1
DA:93,1
DA:95,1
DA:107,1
DA:108,1
DA:109,1
DA:113,52
DA:114,1
DA:115,1
DA:116,1
DA:117,1
DA:118,1
DA:119,0
DA:124,52
DA:125,3
DA:126,3
DA:127,3
DA:128,3
DA:129,3
DA:130,3
DA:131,3
DA:132,3
DA:133,3
DA:136,52
DA:137,205
DA:138,205
DA:139,46
DA:142,52
DA:155,1
DA:170,6
DA:178,156
DA:180,0
DA:198,0
DA:205,161
DA:209,0
DA:242,0
DA:250,1
DA:257,1
DA:272,0
DA:273,0
DA:274,0
DA:285,220
DA:331,132
DA:336,132
DA:338,176
DA:339,44
DA:359,0
DA:360,3
DA:365,5
DA:369,18
DA:375,0
DA:386,0
DA:393,0
DA:397,0
DA:401,0
DA:405,0
DA:412,0
DA:422,0
DA:423,2
DA:428,14
DA:432,0
DA:438,0
DA:449,0
DA:456,0
DA:460,0
DA:464,0
DA:468,0
DA:475,0
DA:488,1
DA:499,1
DA:506,1
DA:516,1
DA:521,1
DA:531,1
DA:537,1
DA:548,1
DA:554,1
DA:562,1
DA:570,1
DA:577,1
DA:584,1
DA:591,1
DA:597,1
DA:604,1
DA:617,1
DA:623,1
DA:632,1
DA:639,1
DA:647,1
DA:656,1
DA:660,1
DA:668,1
DA:676,1
DA:683,1
DA:691,1
DA:697,1
DA:704,1
DA:715,1
DA:722,1
DA:728,1
DA:739,1
DA:745,1
DA:751,1
DA:761,1
DA:779,1
DA:780,1
DA:781,1
DA:782,1
LF:156
LH:131
BRDA:38,0,0,5
BRDA:38,0,1,2
BRDA:38,1,0,5
BRDA:38,1,1,0
BRDA:46,2,0,173
BRDA:46,2,1,12
BRDA:48,3,0,173
BRDA:48,3,1,0
BRDA:49,4,0,173
BRDA:49,4,1,161
BRDA:55,5,0,0
BRDA:55,5,1,1
BRDA:57,6,0,1
BRDA:57,6,1,1
BRDA:93,7,0,0
BRDA:93,7,1,1
BRDA:93,8,0,1
BRDA:93,8,1,1
BRDA:115,9,0,1
BRDA:115,9,1,0
BRDA:118,10,0,0
BRDA:118,10,1,1
BRDA:137,11,0,0
BRDA:137,11,1,205
BRDA:138,12,0,159
BRDA:138,12,1,46
BRDA:154,13,0,52
BRDA:154,13,1,52
BRDA:183,14,0,52
BRDA:183,14,1,104
BRDA:184,15,0,52
BRDA:184,15,1,104
BRDA:185,16,0,52
BRDA:185,16,1,104
BRDA:188,17,0,52
BRDA:188,17,1,104
BRDA:195,18,0,0
BRDA:195,18,1,52
BRDA:245,19,0,161
BRDA:245,19,1,161
BRDA:271,20,0,52
BRDA:271,20,1,44
BRDA:288,21,0,88
BRDA:288,21,1,132
BRDA:331,22,0,0
BRDA:331,22,1,44
BRDA:358,23,0,52
BRDA:358,23,1,24
BRDA:421,24,0,52
BRDA:421,24,1,15
BRDA:779,25,0,1
BRDA:779,25,1,0
BRF:52
BRH:42
end_of_record
TN:
SF:src\pages\Home.tsx
FN:9,(anonymous_0)
FN:17,(anonymous_1)
FN:18,(anonymous_2)
FN:22,(anonymous_3)
FN:23,(anonymous_4)
FN:27,(anonymous_5)
FN:32,(anonymous_6)
FN:36,(anonymous_7)
FN:39,(anonymous_8)
FN:48,(anonymous_9)
FN:79,(anonymous_10)
FN:83,(anonymous_11)
FN:130,(anonymous_12)
FN:156,(anonymous_13)
FN:161,(anonymous_14)
FN:162,(anonymous_15)
FN:163,(anonymous_16)
FN:205,(anonymous_17)
FN:210,(anonymous_18)
FN:215,(anonymous_19)
FN:246,(anonymous_20)
FN:247,(anonymous_21)
FN:277,(anonymous_22)
FN:278,(anonymous_23)
FN:279,(anonymous_24)
FN:282,(anonymous_25)
FNF:26
FNH:19
FNDA:2,(anonymous_0)
FNDA:6,(anonymous_1)
FNDA:2,(anonymous_2)
FNDA:6,(anonymous_3)
FNDA:18,(anonymous_4)
FNDA:4,(anonymous_5)
FNDA:4,(anonymous_6)
FNDA:2,(anonymous_7)
FNDA:3,(anonymous_8)
FNDA:0,(anonymous_9)
FNDA:0,(anonymous_10)
FNDA:0,(anonymous_11)
FNDA:6,(anonymous_12)
FNDA:0,(anonymous_13)
FNDA:3,(anonymous_14)
FNDA:6,(anonymous_15)
FNDA:8,(anonymous_16)
FNDA:1,(anonymous_17)
FNDA:0,(anonymous_18)
FNDA:1,(anonymous_19)
FNDA:6,(anonymous_20)
FNDA:0,(anonymous_21)
FNDA:6,(anonymous_22)
FNDA:12,(anonymous_23)
FNDA:24,(anonymous_24)
FNDA:0,(anonymous_25)
DA:9,1
DA:10,2
DA:11,2
DA:12,2
DA:13,2
DA:16,2
DA:17,6
DA:18,2
DA:22,2
DA:23,18
DA:24,6
DA:26,2
DA:27,4
DA:31,2
DA:32,4
DA:36,2
DA:37,2
DA:39,3
DA:40,2
DA:41,0
DA:42,0
DA:45,2
DA:46,2
DA:47,1
DA:48,0
DA:49,1
DA:54,1
DA:55,0
DA:58,2
DA:62,2
DA:79,0
DA:83,0
DA:130,6
DA:156,0
DA:162,6
DA:163,8
DA:164,3
DA:165,3
DA:166,3
DA:168,3
DA:205,1
DA:210,0
DA:215,1
DA:247,6
DA:278,12
DA:279,24
DA:281,6
DA:282,0
DA:317,1
DA:323,1
DA:329,1
DA:336,1
DA:343,1
DA:353,1
DA:360,1
DA:366,1
DA:373,1
DA:379,1
DA:398,1
DA:412,1
DA:420,1
DA:432,1
DA:437,1
DA:445,1
DA:453,1
DA:460,1
DA:467,1
DA:474,1
DA:480,1
DA:486,1
DA:495,1
DA:501,1
DA:507,1
DA:513,1
DA:519,1
DA:525,1
DA:530,1
DA:538,1
DA:543,1
DA:554,1
DA:560,1
DA:566,1
DA:572,1
DA:578,1
DA:584,1
DA:592,1
DA:599,1
DA:605,1
DA:610,1
DA:615,1
DA:621,1
DA:628,1
DA:634,1
DA:640,1
DA:646,1
DA:652,1
DA:663,1
DA:683,1
DA:684,1
DA:685,1
DA:686,1
LF:101
LH:92
BRDA:17,0,0,6
BRDA:17,0,1,6
BRDA:37,1,0,0
BRDA:37,1,1,2
BRDA:40,2,0,0
BRDA:40,2,1,2
BRDA:40,3,0,2
BRDA:40,3,1,2
BRDA:46,4,0,1
BRDA:46,4,1,1
BRDA:48,5,0,0
BRDA:48,5,1,0
BRDA:50,6,0,0
BRDA:50,6,1,0
BRDA:51,7,0,0
BRDA:51,7,1,0
BRDA:153,8,0,1
BRDA:153,8,1,1
BRDA:164,9,0,3
BRDA:164,9,1,3
BRDA:165,10,0,3
BRDA:165,10,1,3
BRDA:173,11,0,3
BRDA:173,11,1,0
BRDA:198,12,0,3
BRDA:198,12,1,1
BRDA:203,13,0,3
BRDA:203,13,1,0
BRDA:204,14,0,1
BRDA:204,14,1,2
BRDA:209,15,0,0
BRDA:209,15,1,2
BRDA:216,16,0,0
BRDA:216,16,1,2
BRDA:272,17,0,0
BRDA:272,17,1,2
BRDA:683,18,0,1
BRDA:683,18,1,0
BRF:38
BRH:24
end_of_record
TN:
SF:src\pages\Login.tsx
FN:5,(anonymous_0)
FN:13,(anonymous_1)
FN:28,(anonymous_2)
FN:30,(anonymous_3)
FN:31,(anonymous_4)
FNF:5
FNH:4
FNDA:31,(anonymous_0)
FNDA:1,(anonymous_1)
FNDA:15,(anonymous_2)
FNDA:11,(anonymous_3)
FNDA:0,(anonymous_4)
DA:5,1
DA:6,31
DA:7,31
DA:8,31
DA:9,31
DA:10,31
DA:11,31
DA:13,31
DA:14,1
DA:15,1
DA:16,1
DA:17,1
DA:18,1
DA:21,31
DA:28,15
DA:30,11
DA:31,0
DA:47,1
DA:48,1
DA:49,1
DA:50,1
DA:51,1
DA:52,1
LF:23
LH:22
BRDA:18,0,0,1
BRDA:18,0,1,0
BRDA:32,1,0,1
BRDA:32,1,1,30
BRF:4
BRH:3
end_of_record
TN:
SF:src\pages\Register.tsx
FN:5,(anonymous_0)
FN:14,(anonymous_1)
FN:29,(anonymous_2)
FN:31,(anonymous_3)
FN:33,(anonymous_4)
FN:35,(anonymous_5)
FNF:6
FNH:6
FNDA:54,(anonymous_0)
FNDA:1,(anonymous_1)
FNDA:12,(anonymous_2)
FNDA:15,(anonymous_3)
FNDA:11,(anonymous_4)
FNDA:11,(anonymous_5)
DA:5,1
DA:6,54
DA:7,54
DA:8,54
DA:9,54
DA:10,54
DA:11,54
DA:12,54
DA:14,54
DA:15,1
DA:16,1
DA:17,1
DA:18,1
DA:19,1
DA:22,54
DA:29,12
DA:31,15
DA:33,11
DA:35,11
DA:45,1
DA:46,1
DA:47,1
DA:48,1
DA:49,1
DA:50,1
LF:25
LH:25
BRDA:19,0,0,1
BRDA:19,0,1,0
BRDA:37,1,0,1
BRDA:37,1,1,53
BRF:4
BRH:3
end_of_record
TN:
SF:src\services\api.ts
FN:73,(anonymous_0)
FN:82,constructor
FN:90,requestJson
FN:102,(anonymous_3)
FN:119,pingBackend
FN:123,getServerState
FN:130,(anonymous_6)
FN:137,saveServerState
FN:156,getEvents
FN:160,getEvent
FN:164,createEvent
FN:168,updateEvent
FN:175,joinEventRequest
FN:179,leaveEventRequest
FN:183,cancelEventRequest
FN:187,completeEventRequest
FN:203,generateEventDraft
FN:211,refineEventDraft
FN:221,loginBackend
FN:228,registerUserBackend
FN:235,resetPasswordBackend
FN:242,changePasswordBackend
FN:253,resendVerificationBackend
FN:260,verifyEmailCode
FN:267,getAuditLogs
FN:269,(anonymous_25)
FNF:26
FNH:15
FNDA:27,(anonymous_0)
FNDA:8,constructor
FNDA:27,requestJson
FNDA:0,(anonymous_3)
FNDA:3,pingBackend
FNDA:2,getServerState
FNDA:0,(anonymous_6)
FNDA:2,saveServerState
FNDA:15,getEvents
FNDA:0,getEvent
FNDA:0,createEvent
FNDA:0,updateEvent
FNDA:0,joinEventRequest
FNDA:0,leaveEventRequest
FNDA:0,cancelEventRequest
FNDA:0,completeEventRequest
FNDA:0,generateEventDraft
FNDA:0,refineEventDraft
FNDA:1,loginBackend
FNDA:1,registerUserBackend
FNDA:1,resetPasswordBackend
FNDA:1,changePasswordBackend
FNDA:1,resendVerificationBackend
FNDA:1,verifyEmailCode
FNDA:1,getAuditLogs
FNDA:5,(anonymous_25)
DA:3,12
DA:71,12
DA:73,12
DA:74,27
DA:75,27
DA:83,8
DA:84,8
DA:85,8
DA:86,8
DA:91,27
DA:92,27
DA:101,12
DA:102,1
DA:103,1
DA:105,1
DA:106,1
DA:107,1
DA:108,1
DA:112,1
DA:115,11
DA:116,11
DA:120,3
DA:124,2
DA:128,2
DA:129,1
DA:130,1
DA:131,1
DA:134,0
DA:138,2
DA:143,2
DA:145,2
DA:157,15
DA:161,0
DA:165,0
DA:169,0
DA:176,0
DA:180,0
DA:184,0
DA:197,0
DA:204,0
DA:205,0
DA:215,0
DA:222,1
DA:229,1
DA:236,1
DA:247,1
DA:254,1
DA:261,1
DA:268,1
DA:269,1
DA:270,5
DA:271,5
DA:274,1
DA:275,1
LF:54
LH:43
BRDA:71,0,0,12
BRDA:71,0,1,0
BRDA:74,1,0,0
BRDA:74,1,1,27
BRDA:75,2,0,27
BRDA:75,2,1,19
BRDA:83,3,0,8
BRDA:83,3,1,3
BRDA:96,4,0,22
BRDA:96,4,1,5
BRDA:97,5,0,27
BRDA:97,5,1,11
BRDA:101,6,0,1
BRDA:101,6,1,11
BRDA:107,7,0,1
BRDA:107,7,1,0
BRDA:116,8,0,9
BRDA:116,8,1,2
BRDA:128,9,0,1
BRDA:128,9,1,1
BRDA:129,10,0,1
BRDA:129,10,1,0
BRDA:137,11,0,2
BRDA:143,12,0,0
BRDA:143,12,1,2
BRDA:267,13,0,1
BRDA:270,14,0,5
BRDA:270,14,1,0
BRDA:270,15,0,5
BRDA:270,15,1,5
BRDA:270,15,2,5
BRDA:274,16,0,1
BRDA:274,16,1,0
BRF:33
BRH:26
end_of_record
TN:
SF:src\test\renderWithProviders.tsx
FN:8,renderWithProviders
FNF:1
FNH:1
FNDA:20,renderWithProviders
DA:9,20
DA:11,20
LF:2
LH:2
BRDA:8,0,0,20
BRDA:8,1,0,20
BRF:2
BRH:2
end_of_record
