TN:
SF:src\auth\security.ts
FN:4,(anonymous_0)
FN:5,(anonymous_1)
FN:5,(anonymous_2)
FN:7,(anonymous_3)
FN:15,(anonymous_4)
FN:29,(anonymous_5)
FN:32,(anonymous_6)
FNF:7
FNH:7
FNDA:2,(anonymous_0)
FNDA:4,(anonymous_1)
FNDA:96,(anonymous_2)
FNDA:1,(anonymous_3)
FNDA:2,(anonymous_4)
FNDA:33,(anonymous_5)
FNDA:11,(anonymous_6)
DA:1,7
DA:2,7
DA:4,7
DA:5,96
DA:7,7
DA:8,1
DA:9,1
DA:10,1
DA:11,1
DA:12,1
DA:15,7
DA:16,2
DA:18,2
DA:19,2
DA:21,2
DA:22,2
DA:23,2
DA:24,2
DA:25,2
DA:26,2
DA:27,2
DA:29,33
DA:32,7
DA:33,11
LF:24
LH:24
BRDA:16,0,0,0
BRDA:16,0,1,2
BRDA:16,1,0,2
BRDA:16,1,1,2
BRDA:19,2,0,0
BRDA:19,2,1,2
BRDA:19,3,0,2
BRDA:19,3,1,2
BRDA:19,3,2,2
BRDA:19,3,3,2
BRDA:29,4,0,2
BRDA:29,4,1,2
BRDA:33,5,0,11
BRDA:33,5,1,9
BRDA:33,5,2,9
BRDA:33,5,3,9
BRF:16
BRH:14
end_of_record
TN:
SF:src\components\GlobalSearch.tsx
FN:12,(anonymous_0)
FN:19,(anonymous_1)
FN:22,(anonymous_2)
FN:27,(anonymous_3)
FN:31,(anonymous_4)
FN:32,(anonymous_5)
FN:36,(anonymous_6)
FN:45,(anonymous_7)
FN:54,(anonymous_8)
FN:63,(anonymous_9)
FN:64,(anonymous_10)
FN:75,(anonymous_11)
FN:76,(anonymous_12)
FN:91,(anonymous_13)
FN:98,(anonymous_14)
FN:106,(anonymous_15)
FN:139,(anonymous_16)
FN:142,(anonymous_17)
FN:159,(anonymous_18)
FN:162,(anonymous_19)
FN:179,(anonymous_20)
FN:180,(anonymous_21)
FN:184,(anonymous_22)
FN:206,(anonymous_23)
FN:207,(anonymous_24)
FN:211,(anonymous_25)
FNF:26
FNH:20
FNDA:9,(anonymous_0)
FNDA:1,(anonymous_1)
FNDA:1,(anonymous_2)
FNDA:1,(anonymous_3)
FNDA:1,(anonymous_4)
FNDA:6,(anonymous_5)
FNDA:1,(anonymous_6)
FNDA:18,(anonymous_7)
FNDA:36,(anonymous_8)
FNDA:18,(anonymous_9)
FNDA:36,(anonymous_10)
FNDA:18,(anonymous_11)
FNDA:36,(anonymous_12)
FNDA:0,(anonymous_13)
FNDA:1,(anonymous_14)
FNDA:6,(anonymous_15)
FNDA:6,(anonymous_16)
FNDA:0,(anonymous_17)
FNDA:0,(anonymous_18)
FNDA:0,(anonymous_19)
FNDA:8,(anonymous_20)
FNDA:12,(anonymous_21)
FNDA:0,(anonymous_22)
FNDA:6,(anonymous_23)
FNDA:6,(anonymous_24)
FNDA:0,(anonymous_25)
DA:12,1
DA:13,9
DA:14,9
DA:15,9
DA:16,9
DA:19,9
DA:20,1
DA:22,1
DA:23,1
DA:24,1
DA:27,1
DA:31,9
DA:32,1
DA:33,6
DA:35,1
DA:36,1
DA:39,9
DA:41,9
DA:44,9
DA:47,18
DA:53,9
DA:56,36
DA:62,9
DA:64,36
DA:65,18
DA:74,9
DA:76,36
DA:77,18
DA:86,9
DA:91,9
DA:92,0
DA:93,0
DA:96,9
DA:98,1
DA:106,6
DA:140,6
DA:142,0
DA:160,0
DA:162,0
DA:180,12
DA:181,8
DA:184,0
DA:207,6
DA:208,6
DA:211,0
DA:237,1
DA:247,1
DA:255,1
DA:264,1
DA:277,1
DA:283,1
DA:289,1
DA:300,1
DA:306,1
DA:315,1
DA:321,1
DA:331,1
DA:343,1
DA:351,1
DA:362,1
DA:373,1
DA:384,1
DA:390,1
LF:63
LH:56
BRDA:20,0,0,0
BRDA:20,0,1,1
BRDA:33,1,0,0
BRDA:33,1,1,6
BRDA:39,2,0,0
BRDA:39,2,1,9
BRDA:44,3,0,6
BRDA:44,3,1,3
BRDA:47,4,0,18
BRDA:47,4,1,12
BRDA:53,5,0,6
BRDA:53,5,1,3
BRDA:56,6,0,36
BRDA:56,6,1,36
BRDA:62,7,0,6
BRDA:62,7,1,3
BRDA:66,8,0,18
BRDA:66,8,1,18
BRDA:66,8,2,10
BRDA:66,8,3,10
BRDA:74,9,0,6
BRDA:74,9,1,3
BRDA:78,10,0,18
BRDA:78,10,1,18
BRDA:78,10,2,12
BRDA:78,10,3,12
BRDA:86,11,0,9
BRDA:86,11,1,3
BRDA:86,11,2,3
BRDA:86,11,3,3
BRDA:115,12,0,9
BRDA:115,12,1,6
BRDA:115,12,2,0
BRDA:124,13,0,9
BRDA:124,13,1,3
BRDA:133,14,0,9
BRDA:133,14,1,6
BRDA:133,14,2,6
BRDA:136,15,0,6
BRDA:136,15,1,6
BRDA:156,16,0,6
BRDA:156,16,1,0
BRDA:176,17,0,6
BRDA:176,17,1,6
BRDA:203,18,0,6
BRDA:203,18,1,6
BRF:46
BRH:41
end_of_record
TN:
SF:src\components\Icons.tsx
FN:7,(anonymous_0)
FN:17,(anonymous_1)
FN:26,(anonymous_2)
FN:33,(anonymous_3)
FN:40,(anonymous_4)
FN:47,(anonymous_5)
FN:55,(anonymous_6)
FN:62,(anonymous_7)
FN:69,(anonymous_8)
FN:78,(anonymous_9)
FN:84,(anonymous_10)
FN:90,(anonymous_11)
FN:97,(anonymous_12)
FN:103,(anonymous_13)
FN:109,(anonymous_14)
FN:115,(anonymous_15)
FN:123,(anonymous_16)
FN:129,(anonymous_17)
FN:140,(anonymous_18)
FN:147,(anonymous_19)
FN:154,(anonymous_20)
FN:163,(anonymous_21)
FN:169,(anonymous_22)
FN:177,(anonymous_23)
FN:183,(anonymous_24)
FN:193,(anonymous_25)
FN:200,(anonymous_26)
FN:208,(anonymous_27)
FN:217,(anonymous_28)
FN:224,(anonymous_29)
FNF:30
FNH:18
FNDA:14,(anonymous_0)
FNDA:16,(anonymous_1)
FNDA:60,(anonymous_2)
FNDA:9,(anonymous_3)
FNDA:214,(anonymous_4)
FNDA:0,(anonymous_5)
FNDA:57,(anonymous_6)
FNDA:161,(anonymous_7)
FNDA:161,(anonymous_8)
FNDA:0,(anonymous_9)
FNDA:0,(anonymous_10)
FNDA:12,(anonymous_11)
FNDA:0,(anonymous_12)
FNDA:0,(anonymous_13)
FNDA:0,(anonymous_14)
FNDA:0,(anonymous_15)
FNDA:220,(anonymous_16)
FNDA:56,(anonymous_17)
FNDA:60,(anonymous_18)
FNDA:9,(anonymous_19)
FNDA:214,(anonymous_20)
FNDA:4,(anonymous_21)
FNDA:0,(anonymous_22)
FNDA:0,(anonymous_23)
FNDA:0,(anonymous_24)
FNDA:205,(anonymous_25)
FNDA:0,(anonymous_26)
FNDA:0,(anonymous_27)
FNDA:4,(anonymous_28)
FNDA:4,(anonymous_29)
DA:7,3
DA:8,14
DA:17,3
DA:18,16
DA:26,3
DA:27,60
DA:33,3
DA:34,9
DA:40,3
DA:41,214
DA:47,3
DA:48,0
DA:55,3
DA:56,57
DA:62,3
DA:63,161
DA:69,3
DA:70,161
DA:78,3
DA:79,0
DA:84,3
DA:85,0
DA:90,3
DA:91,12
DA:97,3
DA:98,0
DA:103,3
DA:104,0
DA:109,3
DA:110,0
DA:115,3
DA:116,0
DA:123,3
DA:124,220
DA:129,3
DA:130,56
DA:140,3
DA:141,60
DA:147,3
DA:148,9
DA:154,3
DA:155,214
DA:163,3
DA:164,4
DA:169,3
DA:170,0
DA:177,3
DA:178,0
DA:183,3
DA:184,0
DA:193,3
DA:194,205
DA:200,3
DA:201,0
DA:208,3
DA:209,0
DA:217,3
DA:218,4
DA:224,3
DA:225,4
LF:60
LH:48
BRDA:7,0,0,14
BRDA:17,1,0,16
BRDA:26,2,0,60
BRDA:33,3,0,9
BRDA:40,4,0,214
BRDA:47,5,0,0
BRDA:55,6,0,57
BRDA:62,7,0,161
BRDA:69,8,0,161
BRDA:78,9,0,0
BRDA:78,10,0,0
BRDA:84,11,0,0
BRDA:90,12,0,12
BRDA:97,13,0,0
BRDA:103,14,0,0
BRDA:109,15,0,0
BRDA:115,16,0,0
BRDA:123,17,0,220
BRDA:123,18,0,220
BRDA:129,19,0,56
BRDA:140,20,0,60
BRDA:147,21,0,9
BRDA:154,22,0,214
BRDA:163,23,0,4
BRDA:169,24,0,0
BRDA:177,25,0,0
BRDA:183,26,0,0
BRDA:193,27,0,205
BRDA:200,28,0,0
BRDA:208,29,0,0
BRDA:217,30,0,4
BRDA:224,31,0,4
BRF:32
BRH:19
end_of_record
TN:
SF:src\components\UserAvatar.tsx
FN:11,(anonymous_0)
FN:18,(anonymous_1)
FNF:2
FNH:2
FNDA:14,(anonymous_0)
FNDA:1,(anonymous_1)
DA:3,3
DA:11,3
DA:12,14
DA:14,14
DA:19,1
LF:5
LH:5
BRDA:11,0,0,14
BRDA:12,1,0,14
BRDA:12,1,1,13
BRDA:17,2,0,14
BRDA:17,2,1,1
BRF:5
BRH:5
end_of_record
TN:
SF:src\context\AuthContext.tsx
FN:24,(anonymous_0)
FN:27,(anonymous_1)
FN:34,(anonymous_2)
FN:35,(anonymous_3)
FN:40,(anonymous_4)
FN:55,(anonymous_5)
FN:56,(anonymous_6)
FN:66,(anonymous_7)
FN:103,(anonymous_8)
FN:162,(anonymous_9)
FN:197,(anonymous_10)
FN:206,(anonymous_11)
FN:234,(anonymous_12)
FN:267,(anonymous_13)
FN:325,(anonymous_14)
FNF:15
FNH:15
FNDA:78,(anonymous_0)
FNDA:18,(anonymous_1)
FNDA:45,(anonymous_2)
FNDA:70,(anonymous_3)
FNDA:6,(anonymous_4)
FNDA:6,(anonymous_5)
FNDA:28,(anonymous_6)
FNDA:5,(anonymous_7)
FNDA:9,(anonymous_8)
FNDA:4,(anonymous_9)
FNDA:2,(anonymous_10)
FNDA:6,(anonymous_11)
FNDA:4,(anonymous_12)
FNDA:5,(anonymous_13)
FNDA:200,(anonymous_14)
DA:21,7
DA:22,7
DA:24,7
DA:25,78
DA:26,78
DA:27,78
DA:28,18
DA:29,18
DA:30,18
DA:31,7
DA:34,78
DA:35,70
DA:38,78
DA:40,78
DA:41,6
DA:42,6
DA:43,6
DA:44,6
DA:45,6
DA:46,4
DA:47,4
DA:49,2
DA:50,2
DA:52,6
DA:55,78
DA:56,28
DA:57,6
DA:58,2
DA:59,2
DA:62,4
DA:63,4
DA:66,78
DA:67,5
DA:68,5
DA:69,1
DA:70,1
DA:71,1
DA:74,4
DA:75,4
DA:76,3
DA:77,3
DA:78,3
DA:79,3
DA:81,1
DA:82,1
DA:83,1
DA:84,1
DA:85,1
DA:86,1
DA:87,1
DA:88,1
DA:89,1
DA:92,0
DA:93,0
DA:98,1
DA:99,1
DA:103,78
DA:104,9
DA:105,2
DA:106,2
DA:107,2
DA:110,7
DA:111,1
DA:112,1
DA:113,1
DA:116,6
DA:117,1
DA:118,1
DA:119,1
DA:122,5
DA:123,1
DA:124,1
DA:125,1
DA:128,4
DA:129,4
DA:130,4
DA:131,3
DA:132,3
DA:133,3
DA:134,3
DA:136,0
DA:138,3
DA:140,1
DA:141,1
DA:142,1
DA:143,1
DA:144,1
DA:145,1
DA:146,1
DA:147,1
DA:148,1
DA:151,0
DA:152,0
DA:157,1
DA:158,1
DA:162,78
DA:163,4
DA:164,4
DA:165,2
DA:166,2
DA:167,2
DA:170,2
DA:171,2
DA:172,1
DA:173,4
DA:175,1
DA:176,1
DA:177,1
DA:178,1
DA:179,1
DA:180,1
DA:181,1
DA:182,1
DA:183,0
DA:186,1
DA:187,1
DA:192,1
DA:193,1
DA:197,78
DA:198,2
DA:199,2
DA:200,2
DA:201,2
DA:202,2
DA:203,2
DA:206,78
DA:207,6
DA:208,2
DA:209,2
DA:210,2
DA:212,4
DA:213,1
DA:214,1
DA:215,1
DA:217,3
DA:218,1
DA:219,1
DA:220,1
DA:223,2
DA:224,2
DA:225,2
DA:226,2
DA:228,0
DA:229,0
DA:230,0
DA:234,78
DA:235,4
DA:236,2
DA:237,2
DA:238,2
DA:240,2
DA:241,0
DA:242,0
DA:243,0
DA:245,2
DA:246,0
DA:247,0
DA:248,0
DA:250,2
DA:251,0
DA:252,0
DA:253,0
DA:256,2
DA:257,2
DA:258,1
DA:259,1
DA:261,1
DA:262,1
DA:263,1
DA:267,78
DA:268,5
DA:269,5
DA:270,5
DA:271,2
DA:272,2
DA:273,2
DA:275,3
DA:276,1
DA:277,1
DA:278,1
DA:281,2
DA:282,2
DA:283,2
DA:284,5
DA:286,0
DA:287,0
DA:288,0
DA:289,0
DA:290,0
DA:291,0
DA:292,0
DA:293,0
DA:294,0
DA:297,0
DA:298,0
DA:303,0
DA:304,0
DA:308,78
DA:321,78
DA:325,7
DA:326,200
DA:327,200
DA:328,0
DA:330,200
LF:204
LH:172
BRDA:28,0,0,0
BRDA:28,0,1,18
BRDA:29,1,0,18
BRDA:29,1,1,11
BRDA:30,2,0,11
BRDA:30,2,1,7
BRDA:31,3,0,7
BRDA:31,3,1,0
BRDA:35,4,0,20
BRDA:35,4,1,25
BRDA:35,5,0,20
BRDA:35,5,1,1
BRDA:45,6,0,4
BRDA:45,6,1,2
BRDA:56,7,0,28
BRDA:56,7,1,26
BRDA:57,8,0,2
BRDA:57,8,1,4
BRDA:63,9,0,4
BRDA:63,9,1,0
BRDA:66,10,0,5
BRDA:68,11,0,1
BRDA:68,11,1,4
BRDA:68,12,0,5
BRDA:68,12,1,4
BRDA:79,13,0,3
BRDA:79,13,1,0
BRDA:82,14,0,1
BRDA:82,14,1,0
BRDA:84,15,0,1
BRDA:84,15,1,0
BRDA:88,16,0,1
BRDA:88,16,1,0
BRDA:92,17,0,0
BRDA:92,17,1,0
BRDA:92,18,0,0
BRDA:92,18,1,0
BRDA:104,19,0,2
BRDA:104,19,1,7
BRDA:104,20,0,9
BRDA:104,20,1,7
BRDA:104,20,2,7
BRDA:104,20,3,7
BRDA:110,21,0,1
BRDA:110,21,1,6
BRDA:116,22,0,1
BRDA:116,22,1,5
BRDA:122,23,0,1
BRDA:122,23,1,4
BRDA:131,24,0,3
BRDA:131,24,1,0
BRDA:131,25,0,3
BRDA:131,25,1,3
BRDA:136,26,0,0
BRDA:136,26,1,0
BRDA:138,27,0,3
BRDA:138,27,1,0
BRDA:141,28,0,1
BRDA:141,28,1,0
BRDA:143,29,0,1
BRDA:143,29,1,0
BRDA:147,30,0,1
BRDA:147,30,1,0
BRDA:151,31,0,0
BRDA:151,31,1,0
BRDA:151,32,0,0
BRDA:151,32,1,0
BRDA:164,33,0,2
BRDA:164,33,1,2
BRDA:172,34,0,1
BRDA:172,34,1,0
BRDA:173,35,0,4
BRDA:173,35,1,0
BRDA:176,36,0,1
BRDA:176,36,1,0
BRDA:178,37,0,1
BRDA:178,37,1,0
BRDA:182,38,0,0
BRDA:182,38,1,1
BRDA:186,39,0,1
BRDA:186,39,1,0
BRDA:186,40,0,1
BRDA:186,40,1,1
BRDA:207,41,0,2
BRDA:207,41,1,4
BRDA:207,42,0,6
BRDA:207,42,1,4
BRDA:207,42,2,4
BRDA:212,43,0,1
BRDA:212,43,1,3
BRDA:217,44,0,1
BRDA:217,44,1,2
BRDA:235,45,0,2
BRDA:235,45,1,2
BRDA:240,46,0,0
BRDA:240,46,1,2
BRDA:240,47,0,2
BRDA:240,47,1,2
BRDA:240,47,2,2
BRDA:245,48,0,0
BRDA:245,48,1,2
BRDA:250,49,0,0
BRDA:250,49,1,2
BRDA:270,50,0,2
BRDA:270,50,1,3
BRDA:270,51,0,5
BRDA:270,51,1,3
BRDA:275,52,0,1
BRDA:275,52,1,2
BRDA:283,53,0,2
BRDA:283,53,1,0
BRDA:284,54,0,5
BRDA:284,54,1,0
BRDA:287,55,0,0
BRDA:287,55,1,0
BRDA:289,56,0,0
BRDA:289,56,1,0
BRDA:293,57,0,0
BRDA:293,57,1,0
BRDA:297,58,0,0
BRDA:297,58,1,0
BRDA:297,59,0,0
BRDA:297,59,1,0
BRDA:327,60,0,0
BRDA:327,60,1,200
BRF:125
BRH:81
end_of_record
TN:
SF:src\context\DatabaseContext.tsx
FN:7,(anonymous_0)
FN:41,(anonymous_1)
FN:48,(anonymous_2)
FN:51,(anonymous_3)
FN:73,(anonymous_4)
FN:78,(anonymous_5)
FN:85,(anonymous_6)
FN:87,(anonymous_7)
FN:90,(anonymous_8)
FN:96,(anonymous_9)
FN:102,(anonymous_10)
FN:106,(anonymous_11)
FN:116,(anonymous_12)
FN:117,(anonymous_13)
FN:125,(anonymous_14)
FN:132,(anonymous_15)
FN:133,(anonymous_16)
FN:134,(anonymous_17)
FN:134,(anonymous_18)
FN:141,(anonymous_19)
FN:144,(anonymous_20)
FN:152,(anonymous_21)
FN:154,(anonymous_22)
FN:155,(anonymous_23)
FN:175,(anonymous_24)
FN:185,(anonymous_25)
FN:186,(anonymous_26)
FN:187,(anonymous_27)
FN:188,(anonymous_28)
FN:191,(anonymous_29)
FN:198,(anonymous_30)
FN:199,(anonymous_31)
FN:211,(anonymous_32)
FN:214,(anonymous_33)
FN:227,(anonymous_34)
FN:229,(anonymous_35)
FN:230,(anonymous_36)
FN:241,(anonymous_37)
FN:251,(anonymous_38)
FN:252,(anonymous_39)
FN:255,(anonymous_40)
FN:256,(anonymous_41)
FN:275,(anonymous_42)
FN:276,(anonymous_43)
FN:293,(anonymous_44)
FN:294,(anonymous_45)
FN:297,(anonymous_46)
FN:303,(anonymous_47)
FN:304,(anonymous_48)
FN:313,(anonymous_49)
FN:314,(anonymous_50)
FN:315,(anonymous_51)
FN:335,(anonymous_52)
FN:340,(anonymous_53)
FN:361,(anonymous_54)
FN:369,(anonymous_55)
FN:372,(anonymous_56)
FN:373,(anonymous_57)
FN:404,(anonymous_58)
FN:406,(anonymous_59)
FN:427,(anonymous_60)
FN:429,(anonymous_61)
FN:435,(anonymous_62)
FN:454,(anonymous_63)
FN:464,(anonymous_64)
FN:465,(anonymous_65)
FN:466,(anonymous_66)
FN:469,(anonymous_67)
FN:476,(anonymous_68)
FN:477,(anonymous_69)
FN:478,(anonymous_70)
FN:481,(anonymous_71)
FN:488,(anonymous_72)
FN:489,(anonymous_73)
FN:490,(anonymous_74)
FN:496,(anonymous_75)
FN:532,(anonymous_76)
FNF:77
FNH:68
FNDA:11,(anonymous_0)
FNDA:93,(anonymous_1)
FNDA:20,(anonymous_2)
FNDA:20,(anonymous_3)
FNDA:20,(anonymous_4)
FNDA:62,(anonymous_5)
FNDA:3,(anonymous_6)
FNDA:3,(anonymous_7)
FNDA:0,(anonymous_8)
FNDA:23,(anonymous_9)
FNDA:2,(anonymous_10)
FNDA:2,(anonymous_11)
FNDA:2,(anonymous_12)
FNDA:2,(anonymous_13)
FNDA:8,(anonymous_14)
FNDA:2,(anonymous_15)
FNDA:5,(anonymous_16)
FNDA:4,(anonymous_17)
FNDA:3,(anonymous_18)
FNDA:1,(anonymous_19)
FNDA:4,(anonymous_20)
FNDA:1,(anonymous_21)
FNDA:1,(anonymous_22)
FNDA:1,(anonymous_23)
FNDA:1,(anonymous_24)
FNDA:0,(anonymous_25)
FNDA:0,(anonymous_26)
FNDA:0,(anonymous_27)
FNDA:0,(anonymous_28)
FNDA:0,(anonymous_29)
FNDA:1,(anonymous_30)
FNDA:1,(anonymous_31)
FNDA:1,(anonymous_32)
FNDA:4,(anonymous_33)
FNDA:2,(anonymous_34)
FNDA:2,(anonymous_35)
FNDA:2,(anonymous_36)
FNDA:2,(anonymous_37)
FNDA:4,(anonymous_38)
FNDA:10,(anonymous_39)
FNDA:4,(anonymous_40)
FNDA:4,(anonymous_41)
FNDA:4,(anonymous_42)
FNDA:1,(anonymous_43)
FNDA:2,(anonymous_44)
FNDA:4,(anonymous_45)
FNDA:2,(anonymous_46)
FNDA:1,(anonymous_47)
FNDA:1,(anonymous_48)
FNDA:3,(anonymous_49)
FNDA:0,(anonymous_50)
FNDA:2,(anonymous_51)
FNDA:0,(anonymous_52)
FNDA:0,(anonymous_53)
FNDA:1,(anonymous_54)
FNDA:1,(anonymous_55)
FNDA:1,(anonymous_56)
FNDA:1,(anonymous_57)
FNDA:1,(anonymous_58)
FNDA:4,(anonymous_59)
FNDA:6,(anonymous_60)
FNDA:36,(anonymous_61)
FNDA:12,(anonymous_62)
FNDA:6,(anonymous_63)
FNDA:1,(anonymous_64)
FNDA:1,(anonymous_65)
FNDA:1,(anonymous_66)
FNDA:7,(anonymous_67)
FNDA:3,(anonymous_68)
FNDA:3,(anonymous_69)
FNDA:6,(anonymous_70)
FNDA:19,(anonymous_71)
FNDA:1,(anonymous_72)
FNDA:1,(anonymous_73)
FNDA:2,(anonymous_74)
FNDA:7,(anonymous_75)
FNDA:171,(anonymous_76)
DA:7,8
DA:8,11
DA:11,11
DA:39,8
DA:41,8
DA:42,93
DA:43,93
DA:44,93
DA:45,93
DA:46,93
DA:48,93
DA:49,20
DA:51,20
DA:52,20
DA:53,20
DA:54,20
DA:55,20
DA:56,20
DA:57,20
DA:58,20
DA:60,20
DA:61,20
DA:63,0
DA:64,0
DA:65,0
DA:66,0
DA:71,20
DA:73,20
DA:74,20
DA:78,93
DA:79,62
DA:81,39
DA:82,39
DA:84,23
DA:85,23
DA:86,3
DA:88,3
DA:91,0
DA:92,0
DA:96,23
DA:97,23
DA:102,93
DA:103,2
DA:104,2
DA:106,2
DA:107,2
DA:112,2
DA:116,93
DA:117,2
DA:118,2
DA:123,2
DA:125,8
DA:128,2
DA:132,93
DA:133,5
DA:134,4
DA:136,2
DA:137,1
DA:138,1
DA:141,1
DA:142,1
DA:144,4
DA:147,1
DA:152,93
DA:153,1
DA:154,1
DA:155,1
DA:157,1
DA:158,1
DA:159,1
DA:169,1
DA:175,1
DA:176,1
DA:181,1
DA:185,93
DA:186,0
DA:187,0
DA:188,0
DA:189,0
DA:191,0
DA:194,0
DA:198,93
DA:199,1
DA:200,1
DA:202,1
DA:211,1
DA:212,1
DA:215,4
DA:216,1
DA:227,93
DA:228,2
DA:229,2
DA:230,2
DA:232,2
DA:241,2
DA:242,2
DA:247,2
DA:251,93
DA:252,10
DA:253,4
DA:255,4
DA:256,4
DA:257,4
DA:259,4
DA:260,4
DA:261,4
DA:263,4
DA:265,4
DA:266,4
DA:268,4
DA:269,3
DA:271,1
DA:274,4
DA:275,4
DA:276,1
DA:278,4
DA:279,4
DA:285,4
DA:293,93
DA:294,4
DA:295,2
DA:297,2
DA:298,2
DA:299,1
DA:300,1
DA:303,1
DA:304,1
DA:305,1
DA:307,1
DA:309,1
DA:310,0
DA:313,3
DA:314,1
DA:315,2
DA:317,1
DA:320,1
DA:325,0
DA:326,0
DA:327,0
DA:328,0
DA:329,0
DA:335,0
DA:336,0
DA:337,0
DA:340,0
DA:346,1
DA:352,1
DA:361,93
DA:369,1
DA:370,1
DA:372,1
DA:373,1
DA:376,1
DA:377,1
DA:378,1
DA:389,1
DA:390,1
DA:404,1
DA:406,1
DA:407,4
DA:410,1
DA:423,1
DA:427,93
DA:428,6
DA:429,36
DA:430,0
DA:433,6
DA:435,12
DA:440,6
DA:454,6
DA:460,6
DA:464,93
DA:465,1
DA:466,1
DA:467,1
DA:469,7
DA:472,1
DA:476,93
DA:477,3
DA:478,6
DA:479,3
DA:481,19
DA:484,3
DA:488,93
DA:489,1
DA:490,2
DA:491,1
DA:492,1
DA:494,1
DA:497,7
DA:498,1
DA:502,1
DA:506,93
DA:532,8
DA:533,171
DA:534,171
DA:535,0
DA:537,171
LF:198
LH:174
BRDA:8,0,0,11
BRDA:8,0,1,0
BRDA:8,1,0,11
BRDA:8,1,1,11
BRDA:54,2,0,0
BRDA:54,2,1,20
BRDA:55,3,0,0
BRDA:55,3,1,20
BRDA:57,4,0,20
BRDA:57,4,1,0
BRDA:63,5,0,0
BRDA:63,5,1,0
BRDA:79,6,0,23
BRDA:79,6,1,39
BRDA:82,7,0,16
BRDA:82,7,1,23
BRDA:84,8,0,15
BRDA:84,8,1,8
BRDA:97,9,0,23
BRDA:97,9,1,0
BRDA:125,10,0,2
BRDA:125,10,1,6
BRDA:134,11,0,2
BRDA:134,11,1,1
BRDA:136,12,0,1
BRDA:136,12,1,1
BRDA:145,13,0,1
BRDA:145,13,1,0
BRDA:158,14,0,1
BRDA:158,14,1,0
BRDA:158,15,0,1
BRDA:158,15,1,1
BRDA:179,16,0,1
BRDA:179,16,1,0
BRDA:179,17,0,1
BRDA:179,17,1,0
BRDA:192,18,0,0
BRDA:192,18,1,0
BRDA:192,19,0,0
BRDA:192,19,1,0
BRDA:200,20,0,0
BRDA:200,20,1,1
BRDA:215,21,0,3
BRDA:215,21,1,1
BRDA:245,22,0,2
BRDA:245,22,1,0
BRDA:245,23,0,2
BRDA:245,23,1,0
BRDA:253,24,0,0
BRDA:253,24,1,4
BRDA:257,25,0,0
BRDA:257,25,1,4
BRDA:263,26,0,0
BRDA:263,26,1,4
BRDA:263,27,0,4
BRDA:263,27,1,4
BRDA:263,27,2,4
BRDA:268,28,0,3
BRDA:268,28,1,1
BRDA:274,29,0,3
BRDA:274,29,1,1
BRDA:275,30,0,3
BRDA:275,30,1,0
BRDA:276,31,0,1
BRDA:276,31,1,0
BRDA:295,32,0,0
BRDA:295,32,1,2
BRDA:298,33,0,1
BRDA:298,33,1,1
BRDA:305,34,0,0
BRDA:305,34,1,1
BRDA:309,35,0,0
BRDA:309,35,1,1
BRDA:315,36,0,1
BRDA:315,36,1,0
BRDA:320,37,0,0
BRDA:320,37,1,1
BRDA:321,38,0,1
BRDA:321,38,1,1
BRDA:321,38,2,1
BRDA:326,39,0,0
BRDA:326,39,1,0
BRDA:336,40,0,0
BRDA:336,40,1,0
BRDA:340,41,0,0
BRDA:340,41,1,0
BRDA:370,42,0,0
BRDA:370,42,1,1
BRDA:370,43,0,1
BRDA:370,43,1,1
BRDA:377,44,0,1
BRDA:377,44,1,0
BRDA:377,45,0,1
BRDA:377,45,1,1
BRDA:400,46,0,1
BRDA:400,46,1,0
BRDA:407,47,0,1
BRDA:407,47,1,3
BRDA:417,48,0,1
BRDA:417,48,1,0
BRDA:418,49,0,1
BRDA:418,49,1,0
BRDA:429,50,0,0
BRDA:429,50,1,6
BRDA:433,51,0,6
BRDA:433,51,1,0
BRDA:441,52,0,6
BRDA:441,52,1,2
BRDA:444,53,0,0
BRDA:444,53,1,6
BRDA:445,54,0,6
BRDA:445,54,1,2
BRDA:446,55,0,6
BRDA:446,55,1,2
BRDA:447,56,0,6
BRDA:447,56,1,2
BRDA:451,57,0,6
BRDA:451,57,1,2
BRDA:470,58,0,1
BRDA:470,58,1,0
BRDA:481,59,0,3
BRDA:481,59,1,16
BRDA:482,60,0,3
BRDA:482,60,1,0
BRDA:491,61,0,1
BRDA:491,61,1,0
BRDA:492,62,0,0
BRDA:492,62,1,1
BRDA:497,63,0,6
BRDA:497,63,1,1
BRDA:500,64,0,1
BRDA:500,64,1,0
BRDA:534,65,0,0
BRDA:534,65,1,171
BRF:134
BRH:86
end_of_record
TN:
SF:src\context\ToastContext.tsx
FN:17,(anonymous_0)
FN:20,(anonymous_1)
FN:22,(anonymous_2)
FN:25,(anonymous_3)
FN:26,(anonymous_4)
FN:26,(anonymous_5)
FN:36,(anonymous_6)
FN:48,(anonymous_7)
FN:48,(anonymous_8)
FN:48,(anonymous_9)
FN:61,(anonymous_10)
FN:70,(anonymous_11)
FN:79,(anonymous_12)
FN:88,(anonymous_13)
FNF:14
FNH:11
FNDA:62,(anonymous_0)
FNDA:42,(anonymous_1)
FNDA:42,(anonymous_2)
FNDA:1,(anonymous_3)
FNDA:1,(anonymous_4)
FNDA:7,(anonymous_5)
FNDA:152,(anonymous_6)
FNDA:0,(anonymous_7)
FNDA:0,(anonymous_8)
FNDA:0,(anonymous_9)
FNDA:227,(anonymous_10)
FNDA:152,(anonymous_11)
FNDA:152,(anonymous_12)
FNDA:152,(anonymous_13)
DA:15,8
DA:17,8
DA:18,62
DA:20,62
DA:21,42
DA:22,42
DA:25,42
DA:26,7
DA:30,62
DA:37,152
DA:48,0
DA:61,8
DA:62,227
DA:63,227
DA:64,0
DA:66,227
DA:70,8
DA:71,152
DA:72,37
DA:73,103
DA:74,3
DA:75,9
DA:79,8
DA:80,152
DA:81,37
DA:82,103
DA:83,3
DA:84,9
DA:88,8
DA:89,152
DA:90,37
DA:91,103
DA:92,3
DA:93,9
DA:98,8
DA:110,8
DA:124,8
DA:129,8
DA:133,8
LF:39
LH:37
BRDA:20,0,0,42
BRDA:63,1,0,0
BRDA:63,1,1,227
BRDA:71,2,0,37
BRDA:71,2,1,103
BRDA:71,2,2,3
BRDA:71,2,3,9
BRDA:80,3,0,37
BRDA:80,3,1,103
BRDA:80,3,2,3
BRDA:80,3,3,9
BRDA:89,4,0,37
BRDA:89,4,1,103
BRDA:89,4,2,3
BRDA:89,4,3,9
BRF:15
BRH:14
end_of_record
TN:
SF:src\db\database.ts
FN:12,(anonymous_0)
FN:18,(anonymous_1)
FN:21,(anonymous_2)
FN:33,(anonymous_3)
FN:34,(anonymous_4)
FN:39,(anonymous_5)
FN:40,(anonymous_6)
FN:44,(anonymous_7)
FN:56,(anonymous_8)
FN:57,(anonymous_9)
FN:58,(anonymous_10)
FN:61,(anonymous_11)
FN:62,(anonymous_12)
FN:64,(anonymous_13)
FN:70,(anonymous_14)
FN:71,(anonymous_15)
FN:75,(anonymous_16)
FN:75,(anonymous_17)
FN:90,(anonymous_18)
FNF:19
FNH:16
FNDA:139,(anonymous_0)
FNDA:44,(anonymous_1)
FNDA:132,(anonymous_2)
FNDA:1,(anonymous_3)
FNDA:1,(anonymous_4)
FNDA:0,(anonymous_5)
FNDA:0,(anonymous_6)
FNDA:0,(anonymous_7)
FNDA:58,(anonymous_8)
FNDA:350,(anonymous_9)
FNDA:1114,(anonymous_10)
FNDA:1114,(anonymous_11)
FNDA:592,(anonymous_12)
FNDA:592,(anonymous_13)
FNDA:290,(anonymous_14)
FNDA:585,(anonymous_15)
FNDA:815,(anonymous_16)
FNDA:1567,(anonymous_17)
FNDA:27,(anonymous_18)
DA:4,9
DA:6,9
DA:12,9
DA:13,139
DA:14,6
DA:15,2
DA:18,9
DA:19,44
DA:21,132
DA:30,44
DA:33,9
DA:34,1
DA:35,1
DA:36,1
DA:39,0
DA:40,0
DA:44,1
DA:49,1
DA:56,9
DA:57,58
DA:58,1114
DA:60,350
DA:61,1114
DA:62,592
DA:64,350
DA:65,592
DA:66,592
DA:69,350
DA:70,290
DA:71,585
DA:73,350
DA:75,1567
DA:77,350
DA:84,58
DA:90,9
DA:96,27
DA:103,27
LF:37
LH:35
BRDA:13,0,0,133
BRDA:13,0,1,6
BRDA:14,1,0,4
BRDA:14,1,1,2
BRDA:14,2,0,6
BRDA:14,2,1,4
BRDA:35,3,0,1
BRDA:35,3,1,0
BRDA:35,4,0,1
BRDA:35,4,1,1
BRDA:35,4,2,1
BRDA:35,4,3,1
BRDA:35,4,4,1
BRDA:35,4,5,1
BRDA:40,5,0,0
BRDA:40,5,1,0
BRDA:40,6,0,0
BRDA:40,6,1,0
BRDA:65,7,0,592
BRDA:65,7,1,585
BRDA:74,8,0,350
BRDA:74,8,1,0
BRF:22
BRH:16
end_of_record
TN:
SF:src\db\initialData.ts
FNF:0
FNH:0
DA:3,9
DA:78,9
DA:114,9
DA:182,9
DA:224,9
LF:5
LH:5
BRF:0
BRH:0
end_of_record
TN:
SF:src\pages\Games.tsx
FN:9,(anonymous_0)
FN:36,(anonymous_1)
FN:38,(anonymous_2)
FN:42,(anonymous_3)
FN:45,(anonymous_4)
FN:53,(anonymous_5)
FN:76,(anonymous_6)
FN:91,(anonymous_7)
FN:113,(anonymous_8)
FN:124,(anonymous_9)
FN:136,(anonymous_10)
FN:155,(anonymous_11)
FN:170,(anonymous_12)
FN:177,(anonymous_13)
FN:180,(anonymous_14)
FN:198,(anonymous_15)
FN:204,(anonymous_16)
FN:209,(anonymous_17)
FN:242,(anonymous_18)
FN:250,(anonymous_19)
FN:257,(anonymous_20)
FN:272,(anonymous_21)
FN:273,(anonymous_22)
FN:274,(anonymous_23)
FN:284,(anonymous_24)
FN:331,(anonymous_25)
FN:336,(anonymous_26)
FN:337,(anonymous_27)
FN:338,(anonymous_28)
FN:359,(anonymous_29)
FN:360,(anonymous_30)
FN:365,(anonymous_31)
FN:369,(anonymous_32)
FN:375,(anonymous_33)
FN:386,(anonymous_34)
FN:393,(anonymous_35)
FN:397,(anonymous_36)
FN:401,(anonymous_37)
FN:405,(anonymous_38)
FN:412,(anonymous_39)
FN:422,(anonymous_40)
FN:423,(anonymous_41)
FN:428,(anonymous_42)
FN:432,(anonymous_43)
FN:438,(anonymous_44)
FN:449,(anonymous_45)
FN:456,(anonymous_46)
FN:460,(anonymous_47)
FN:464,(anonymous_48)
FN:468,(anonymous_49)
FN:475,(anonymous_50)
FNF:51
FNH:27
FNDA:52,(anonymous_0)
FNDA:7,(anonymous_1)
FNDA:5,(anonymous_2)
FNDA:173,(anonymous_3)
FNDA:173,(anonymous_4)
FNDA:1,(anonymous_5)
FNDA:1,(anonymous_6)
FNDA:1,(anonymous_7)
FNDA:1,(anonymous_8)
FNDA:3,(anonymous_9)
FNDA:205,(anonymous_10)
FNDA:1,(anonymous_11)
FNDA:6,(anonymous_12)
FNDA:156,(anonymous_13)
FNDA:0,(anonymous_14)
FNDA:0,(anonymous_15)
FNDA:161,(anonymous_16)
FNDA:0,(anonymous_17)
FNDA:0,(anonymous_18)
FNDA:1,(anonymous_19)
FNDA:1,(anonymous_20)
FNDA:0,(anonymous_21)
FNDA:0,(anonymous_22)
FNDA:0,(anonymous_23)
FNDA:220,(anonymous_24)
FNDA:132,(anonymous_25)
FNDA:132,(anonymous_26)
FNDA:44,(anonymous_27)
FNDA:176,(anonymous_28)
FNDA:0,(anonymous_29)
FNDA:3,(anonymous_30)
FNDA:5,(anonymous_31)
FNDA:18,(anonymous_32)
FNDA:0,(anonymous_33)
FNDA:0,(anonymous_34)
FNDA:0,(anonymous_35)
FNDA:0,(anonymous_36)
FNDA:0,(anonymous_37)
FNDA:0,(anonymous_38)
FNDA:0,(anonymous_39)
FNDA:0,(anonymous_40)
FNDA:2,(anonymous_41)
FNDA:14,(anonymous_42)
FNDA:0,(anonymous_43)
FNDA:0,(anonymous_44)
FNDA:0,(anonymous_45)
FNDA:0,(anonymous_46)
FNDA:0,(anonymous_47)
FNDA:0,(anonymous_48)
FNDA:0,(anonymous_49)
FNDA:0,(anonymous_50)
DA:9,1
DA:10,52
DA:11,52
DA:12,52
DA:13,52
DA:14,52
DA:17,52
DA:18,52
DA:21,52
DA:22,52
DA:23,52
DA:26,52
DA:27,52
DA:28,52
DA:29,52
DA:30,52
DA:31,52
DA:32,52
DA:34,52
DA:36,52
DA:37,7
DA:38,7
DA:42,173
DA:45,52
DA:46,173
DA:48,173
DA:49,173
DA:53,52
DA:54,1
DA:55,1
DA:57,1
DA:59,1
DA:70,1
DA:71,1
DA:72,1
DA:76,52
DA:77,1
DA:78,1
DA:79,1
DA:80,1
DA:81,1
DA:82,1
DA:83,1
DA:84,1
DA:85,1
DA:86,1
DA:87,1
DA:91,52
DA:92,1
DA:93,1
DA:95,1
DA:107,1
DA:108,1
DA:109,1
DA:113,52
DA:114,1
DA:115,1
DA:116,1
DA:117,1
DA:118,1
DA:119,0
DA:124,52
DA:125,3
DA:126,3
DA:127,3
DA:128,3
DA:129,3
DA:130,3
DA:131,3
DA:132,3
DA:133,3
DA:136,52
DA:137,205
DA:138,205
DA:139,46
DA:142,52
DA:155,1
DA:170,6
DA:178,156
DA:180,0
DA:198,0
DA:205,161
DA:209,0
DA:242,0
DA:250,1
DA:257,1
DA:272,0
DA:273,0
DA:274,0
DA:285,220
DA:331,132
DA:336,132
DA:338,176
DA:339,44
DA:359,0
DA:360,3
DA:365,5
DA:369,18
DA:375,0
DA:386,0
DA:393,0
DA:397,0
DA:401,0
DA:405,0
DA:412,0
DA:422,0
DA:423,2
DA:428,14
DA:432,0
DA:438,0
DA:449,0
DA:456,0
DA:460,0
DA:464,0
DA:468,0
DA:475,0
DA:488,1
DA:499,1
DA:506,1
DA:516,1
DA:521,1
DA:531,1
DA:537,1
DA:548,1
DA:554,1
DA:562,1
DA:570,1
DA:577,1
DA:584,1
DA:591,1
DA:597,1
DA:604,1
DA:617,1
DA:623,1
DA:632,1
DA:639,1
DA:647,1
DA:656,1
DA:660,1
DA:668,1
DA:676,1
DA:683,1
DA:691,1
DA:697,1
DA:704,1
DA:715,1
DA:722,1
DA:728,1
DA:739,1
DA:745,1
DA:751,1
DA:761,1
DA:779,1
DA:780,1
DA:781,1
DA:782,1
LF:156
LH:131
BRDA:38,0,0,5
BRDA:38,0,1,2
BRDA:38,1,0,5
BRDA:38,1,1,0
BRDA:46,2,0,173
BRDA:46,2,1,12
BRDA:48,3,0,173
BRDA:48,3,1,0
BRDA:49,4,0,173
BRDA:49,4,1,161
BRDA:55,5,0,0
BRDA:55,5,1,1
BRDA:57,6,0,1
BRDA:57,6,1,1
BRDA:93,7,0,0
BRDA:93,7,1,1
BRDA:93,8,0,1
BRDA:93,8,1,1
BRDA:115,9,0,1
BRDA:115,9,1,0
BRDA:118,10,0,0
BRDA:118,10,1,1
BRDA:137,11,0,0
BRDA:137,11,1,205
BRDA:138,12,0,159
BRDA:138,12,1,46
BRDA:154,13,0,52
BRDA:154,13,1,52
BRDA:183,14,0,52
BRDA:183,14,1,104
BRDA:184,15,0,52
BRDA:184,15,1,104
BRDA:185,16,0,52
BRDA:185,16,1,104
BRDA:188,17,0,52
BRDA:188,17,1,104
BRDA:195,18,0,0
BRDA:195,18,1,52
BRDA:245,19,0,161
BRDA:245,19,1,161
BRDA:271,20,0,52
BRDA:271,20,1,44
BRDA:288,21,0,88
BRDA:288,21,1,132
BRDA:331,22,0,0
BRDA:331,22,1,44
BRDA:358,23,0,52
BRDA:358,23,1,24
BRDA:421,24,0,52
BRDA:421,24,1,15
BRDA:779,25,0,1
BRDA:779,25,1,0
BRF:52
BRH:42
end_of_record
TN:
SF:src\pages\Home.tsx
FN:9,(anonymous_0)
FN:17,(anonymous_1)
FN:18,(anonymous_2)
FN:22,(anonymous_3)
FN:23,(anonymous_4)
FN:27,(anonymous_5)
FN:32,(anonymous_6)
FN:36,(anonymous_7)
FN:39,(anonymous_8)
FN:47,(anonymous_9)
FN:78,(anonymous_10)
FN:82,(anonymous_11)
FN:129,(anonymous_12)
FN:155,(anonymous_13)
FN:160,(anonymous_14)
FN:161,(anonymous_15)
FN:162,(anonymous_16)
FN:204,(anonymous_17)
FN:209,(anonymous_18)
FN:214,(anonymous_19)
FN:245,(anonymous_20)
FN:246,(anonymous_21)
FN:276,(anonymous_22)
FN:277,(anonymous_23)
FN:278,(anonymous_24)
FN:281,(anonymous_25)
FN:317,(anonymous_26)
FN:318,(anonymous_27)
FN:351,(anonymous_28)
FNF:29
FNH:23
FNDA:4,(anonymous_0)
FNDA:12,(anonymous_1)
FNDA:6,(anonymous_2)
FNDA:12,(anonymous_3)
FNDA:36,(anonymous_4)
FNDA:8,(anonymous_5)
FNDA:8,(anonymous_6)
FNDA:2,(anonymous_7)
FNDA:2,(anonymous_8)
FNDA:2,(anonymous_9)
FNDA:0,(anonymous_10)
FNDA:0,(anonymous_11)
FNDA:12,(anonymous_12)
FNDA:0,(anonymous_13)
FNDA:9,(anonymous_14)
FNDA:18,(anonymous_15)
FNDA:24,(anonymous_16)
FNDA:1,(anonymous_17)
FNDA:0,(anonymous_18)
FNDA:1,(anonymous_19)
FNDA:12,(anonymous_20)
FNDA:0,(anonymous_21)
FNDA:12,(anonymous_22)
FNDA:24,(anonymous_23)
FNDA:48,(anonymous_24)
FNDA:0,(anonymous_25)
FNDA:18,(anonymous_26)
FNDA:60,(anonymous_27)
FNDA:18,(anonymous_28)
DA:9,1
DA:10,4
DA:11,4
DA:12,4
DA:13,4
DA:16,4
DA:17,12
DA:18,6
DA:22,4
DA:23,36
DA:24,12
DA:26,4
DA:27,8
DA:31,4
DA:32,8
DA:36,4
DA:37,2
DA:39,2
DA:40,2
DA:41,0
DA:42,0
DA:45,2
DA:46,1
DA:47,2
DA:48,1
DA:50,1
DA:51,0
DA:53,1
DA:56,1
DA:57,1
DA:61,4
DA:78,0
DA:82,0
DA:129,12
DA:155,0
DA:161,18
DA:162,24
DA:163,9
DA:164,9
DA:165,9
DA:167,9
DA:204,1
DA:209,0
DA:214,1
DA:246,12
DA:277,24
DA:278,48
DA:280,12
DA:281,0
DA:318,60
DA:319,18
DA:350,1
DA:351,1
DA:352,18
DA:353,18
DA:354,18
DA:355,18
DA:356,18
DA:358,18
DA:359,15
DA:360,15
DA:361,15
DA:362,15
DA:373,1
DA:379,1
DA:385,1
DA:392,1
DA:399,1
DA:409,1
DA:416,1
DA:422,1
DA:429,1
DA:435,1
DA:454,1
DA:468,1
DA:476,1
DA:488,1
DA:493,1
DA:501,1
DA:509,1
DA:516,1
DA:523,1
DA:530,1
DA:536,1
DA:542,1
DA:551,1
DA:557,1
DA:563,1
DA:569,1
DA:575,1
DA:581,1
DA:586,1
DA:594,1
DA:599,1
DA:610,1
DA:616,1
DA:622,1
DA:628,1
DA:634,1
DA:640,1
DA:648,1
DA:655,1
DA:661,1
DA:666,1
DA:671,1
DA:677,1
DA:684,1
DA:690,1
DA:696,1
DA:702,1
DA:708,1
DA:718,1
DA:724,1
DA:731,1
DA:743,1
DA:749,1
DA:755,1
DA:761,1
DA:781,1
DA:782,1
DA:783,1
DA:784,1
LF:122
LH:114
BRDA:17,0,0,12
BRDA:17,0,1,12
BRDA:37,1,0,0
BRDA:37,1,1,2
BRDA:40,2,0,0
BRDA:40,2,1,2
BRDA:40,3,0,2
BRDA:40,3,1,2
BRDA:45,4,0,1
BRDA:45,4,1,1
BRDA:47,5,0,1
BRDA:47,5,1,0
BRDA:48,6,0,1
BRDA:48,6,1,0
BRDA:50,7,0,0
BRDA:50,7,1,1
BRDA:152,8,0,1
BRDA:152,8,1,3
BRDA:163,9,0,9
BRDA:163,9,1,9
BRDA:164,10,0,9
BRDA:164,10,1,9
BRDA:172,11,0,9
BRDA:172,11,1,0
BRDA:197,12,0,9
BRDA:197,12,1,3
BRDA:202,13,0,9
BRDA:202,13,1,0
BRDA:203,14,0,4
BRDA:203,14,1,5
BRDA:208,15,0,0
BRDA:208,15,1,5
BRDA:215,16,0,0
BRDA:215,16,1,5
BRDA:271,17,0,0
BRDA:271,17,1,4
BRDA:322,18,0,18
BRDA:322,18,1,0
BRDA:350,19,0,1
BRDA:350,19,1,0
BRDA:358,20,0,3
BRDA:358,20,1,15
BRDA:359,21,0,0
BRDA:359,21,1,15
BRDA:360,22,0,0
BRDA:360,22,1,15
BRDA:361,23,0,0
BRDA:361,23,1,15
BRDA:781,24,0,1
BRDA:781,24,1,0
BRF:50
BRH:34
end_of_record
TN:
SF:src\pages\Login.tsx
FN:5,(anonymous_0)
FN:13,(anonymous_1)
FN:28,(anonymous_2)
FN:30,(anonymous_3)
FN:31,(anonymous_4)
FNF:5
FNH:4
FNDA:31,(anonymous_0)
FNDA:1,(anonymous_1)
FNDA:15,(anonymous_2)
FNDA:11,(anonymous_3)
FNDA:0,(anonymous_4)
DA:5,1
DA:6,31
DA:7,31
DA:8,31
DA:9,31
DA:10,31
DA:11,31
DA:13,31
DA:14,1
DA:15,1
DA:16,1
DA:17,1
DA:18,1
DA:21,31
DA:28,15
DA:30,11
DA:31,0
DA:47,1
DA:48,1
DA:49,1
DA:50,1
DA:51,1
DA:52,1
LF:23
LH:22
BRDA:18,0,0,1
BRDA:18,0,1,0
BRDA:32,1,0,1
BRDA:32,1,1,30
BRF:4
BRH:3
end_of_record
TN:
SF:src\pages\Register.tsx
FN:5,(anonymous_0)
FN:14,(anonymous_1)
FN:29,(anonymous_2)
FN:31,(anonymous_3)
FN:33,(anonymous_4)
FN:35,(anonymous_5)
FNF:6
FNH:6
FNDA:54,(anonymous_0)
FNDA:1,(anonymous_1)
FNDA:12,(anonymous_2)
FNDA:15,(anonymous_3)
FNDA:11,(anonymous_4)
FNDA:11,(anonymous_5)
DA:5,1
DA:6,54
DA:7,54
DA:8,54
DA:9,54
DA:10,54
DA:11,54
DA:12,54
DA:14,54
DA:15,1
DA:16,1
DA:17,1
DA:18,1
DA:19,1
DA:22,54
DA:29,12
DA:31,15
DA:33,11
DA:35,11
DA:45,1
DA:46,1
DA:47,1
DA:48,1
DA:49,1
DA:50,1
LF:25
LH:25
BRDA:19,0,0,1
BRDA:19,0,1,0
BRDA:37,1,0,1
BRDA:37,1,1,53
BRF:4
BRH:3
end_of_record
TN:
SF:src\services\api.ts
FN:20,(anonymous_0)
FN:25,requestJson
FN:37,(anonymous_2)
FN:45,pingBackend
FN:49,getServerState
FN:56,(anonymous_5)
FN:63,saveServerState
FN:70,loginBackend
FN:77,registerUserBackend
FN:84,resetPasswordBackend
FN:91,changePasswordBackend
FN:102,resendVerificationBackend
FN:109,verifyEmailCode
FNF:13
FNH:11
FNDA:10,(anonymous_0)
FNDA:10,requestJson
FNDA:0,(anonymous_2)
FNDA:3,pingBackend
FNDA:2,getServerState
FNDA:0,(anonymous_5)
FNDA:1,saveServerState
FNDA:1,loginBackend
FNDA:1,registerUserBackend
FNDA:1,resetPasswordBackend
FNDA:1,changePasswordBackend
FNDA:1,resendVerificationBackend
FNDA:1,verifyEmailCode
DA:3,9
DA:18,9
DA:20,9
DA:21,10
DA:22,10
DA:26,10
DA:27,10
DA:36,10
DA:37,1
DA:38,1
DA:41,9
DA:42,9
DA:46,3
DA:50,2
DA:54,2
DA:55,1
DA:56,1
DA:57,1
DA:60,0
DA:64,1
DA:71,1
DA:78,1
DA:85,1
DA:96,1
DA:103,1
DA:110,1
LF:26
LH:25
BRDA:18,0,0,9
BRDA:18,0,1,0
BRDA:21,1,0,0
BRDA:21,1,1,10
BRDA:22,2,0,10
BRDA:22,2,1,2
BRDA:31,3,0,8
BRDA:31,3,1,2
BRDA:32,4,0,10
BRDA:32,4,1,10
BRDA:36,5,0,1
BRDA:36,5,1,9
BRDA:42,6,0,8
BRDA:42,6,1,1
BRDA:54,7,0,1
BRDA:54,7,1,1
BRDA:55,8,0,1
BRDA:55,8,1,0
BRF:18
BRH:15
end_of_record
TN:
SF:src\test\renderWithProviders.tsx
FN:8,renderWithProviders
FNF:1
FNH:1
FNDA:7,renderWithProviders
DA:9,7
DA:11,7
LF:2
LH:2
BRDA:8,0,0,7
BRDA:8,1,0,7
BRF:2
BRH:2
end_of_record
